[    0.000000] Initializing cgroup subsys cpuset
[    0.000000] Initializing cgroup subsys cpu
[    0.000000] Initializing cgroup subsys cpuacct
[    0.000000] Linux version 4.4.0-210-generic (buildd@lgw01-amd64-009) (gcc version 5.4.0 20160609 (Ubuntu 5.4.0-6ubuntu1~16.04.12) ) #242-Ubuntu SMP Fri Apr 16 09:57:56 UTC 2021 (Ubuntu 4.4.0-210.242-generic 4.4.262)
[    0.000000] Command line: BOOT_IMAGE=/boot/vmlinuz-4.4.0-210-generic root=LABEL=cloudimg-rootfs ro console=tty1 console=ttyS0
[    0.000000] KERNEL supported cpus:
[    0.000000]   Intel GenuineIntel
[    0.000000]   AMD AuthenticAMD
[    0.000000]   Centaur CentaurHauls
[    0.000000] x86/fpu: Legacy x87 FPU detected.
[    0.000000] e820: BIOS-provided physical RAM map:
[    0.000000] BIOS-e820: [mem 0x0000000000000000-0x000000000009fbff] usable
[    0.000000] BIOS-e820: [mem 0x000000000009fc00-0x000000000009ffff] reserved
[    0.000000] BIOS-e820: [mem 0x00000000000f0000-0x00000000000fffff] reserved
[    0.000000] BIOS-e820: [mem 0x0000000000100000-0x000000007ffeffff] usable
[    0.000000] BIOS-e820: [mem 0x000000007fff0000-0x000000007fffffff] ACPI data
[    0.000000] BIOS-e820: [mem 0x00000000fec00000-0x00000000fec00fff] reserved
[    0.000000] BIOS-e820: [mem 0x00000000fee00000-0x00000000fee00fff] reserved
[    0.000000] BIOS-e820: [mem 0x00000000fffc0000-0x00000000ffffffff] reserved
[    0.000000] NX (Execute Disable) protection: active
[    0.000000] SMBIOS 2.5 present.
[    0.000000] Hypervisor detected: KVM
[    0.000000] e820: last_pfn = 0x7fff0 max_arch_pfn = 0x400000000
[    0.000000] MTRR: Disabled
[    0.000000] x86/PAT: MTRRs disabled, skipping PAT initialization too.
[    0.000000] CPU MTRRs all blank - virtualized system.
[    0.000000] x86/PAT: Configuration [0-7]: WB  WT  UC- UC  WB  WT  UC- UC  
[    0.000000] found SMP MP-table at [mem 0x0009fff0-0x0009ffff] mapped at [ffff88000009fff0]
[    0.000000] Scanning 1 areas for low memory corruption
[    0.000000] RAMDISK: [mem 0x3613a000-0x37094fff]
[    0.000000] ACPI: Early table checksum verification disabled
[    0.000000] ACPI: RSDP 0x00000000000E0000 000024 (v02 VBOX  )
[    0.000000] ACPI: XSDT 0x000000007FFF0030 00003C (v01 VBOX   VBOXXSDT 00000001 ASL  00000061)
[    0.000000] ACPI: FACP 0x000000007FFF00F0 0000F4 (v04 VBOX   VBOXFACP 00000001 ASL  00000061)
[    0.000000] ACPI: DSDT 0x000000007FFF0610 002353 (v02 VBOX   VBOXBIOS 00000002 INTL 20241212)
[    0.000000] ACPI: FACS 0x000000007FFF0200 000040
[    0.000000] ACPI: FACS 0x000000007FFF0200 000040
[    0.000000] ACPI: APIC 0x000000007FFF0240 00005C (v02 VBOX   VBOXAPIC 00000001 ASL  00000061)
[    0.000000] ACPI: SSDT 0x000000007FFF02A0 00036C (v01 VBOX   VBOXCPUT 00000002 INTL 20241212)
[    0.000000] No NUMA configuration found
[    0.000000] Faking a node at [mem 0x0000000000000000-0x000000007ffeffff]
[    0.000000] NODE_DATA(0) allocated [mem 0x7ffeb000-0x7ffeffff]
[    0.000000] kvm-clock: Using msrs 4b564d01 and 4b564d00
[    0.000000] kvm-clock: cpu 0, msr 0:7ffe3001, primary cpu clock
[    0.000000] kvm-clock: using sched offset of 30360176182 cycles
[    0.000000] clocksource: kvm-clock: mask: 0xffffffffffffffff max_cycles: 0x1cd42e4dffb, max_idle_ns: 881590591483 ns
[    0.000000] Zone ranges:
[    0.000000]   DMA      [mem 0x0000000000001000-0x0000000000ffffff]
[    0.000000]   DMA32    [mem 0x0000000001000000-0x000000007ffeffff]
[    0.000000]   Normal   empty
[    0.000000]   Device   empty
[    0.000000] Movable zone start for each node
[    0.000000] Early memory node ranges
[    0.000000]   node   0: [mem 0x0000000000001000-0x000000000009efff]
[    0.000000]   node   0: [mem 0x0000000000100000-0x000000007ffeffff]
[    0.000000] Initmem setup node 0 [mem 0x0000000000001000-0x000000007ffeffff]
[    0.000000] ACPI: PM-Timer IO Port: 0x4008
[    0.000000] IOAPIC[0]: apic_id 2, version 32, address 0xfec00000, GSI 0-23
[    0.000000] ACPI: INT_SRC_OVR (bus 0 bus_irq 0 global_irq 2 dfl dfl)
[    0.000000] ACPI: INT_SRC_OVR (bus 0 bus_irq 9 global_irq 9 low level)
[    0.000000] Using ACPI (MADT) for SMP configuration information
[    0.000000] smpboot: Allowing 2 CPUs, 0 hotplug CPUs
[    0.000000] PM: Registered nosave memory: [mem 0x00000000-0x00000fff]
[    0.000000] PM: Registered nosave memory: [mem 0x0009f000-0x0009ffff]
[    0.000000] PM: Registered nosave memory: [mem 0x000a0000-0x000effff]
[    0.000000] PM: Registered nosave memory: [mem 0x000f0000-0x000fffff]
[    0.000000] e820: [mem 0x80000000-0xfebfffff] available for PCI devices
[    0.000000] Booting paravirtualized kernel on KVM
[    0.000000] clocksource: refined-jiffies: mask: 0xffffffff max_cycles: 0xffffffff, max_idle_ns: 7645519600211568 ns
[    0.000000] setup_percpu: NR_CPUS:512 nr_cpumask_bits:512 nr_cpu_ids:2 nr_node_ids:1
[    0.000000] PERCPU: Embedded 33 pages/cpu @ffff88007fc00000 s95192 r8192 d31784 u1048576
[    0.000000] Built 1 zonelists in Node order, mobility grouping on.  Total pages: 515960
[    0.000000] Policy zone: DMA32
[    0.000000] Kernel command line: BOOT_IMAGE=/boot/vmlinuz-4.4.0-210-generic root=LABEL=cloudimg-rootfs ro console=tty1 console=ttyS0
[    0.000000] PID hash table entries: 4096 (order: 3, 32768 bytes)
[    0.000000] Memory: 2029148K/2096696K available (8644K kernel code, 1332K rwdata, 4044K rodata, 1492K init, 1164K bss, 67548K reserved, 0K cma-reserved)
[    0.000000] SLUB: HWalign=64, Order=0-3, MinObjects=0, CPUs=2, Nodes=1
[    0.000000] Kernel/User page tables isolation: enabled
[    0.000000] Hierarchical RCU implementation.
[    0.000000] 	Build-time adjustment of leaf fanout to 64.
[    0.000000] 	RCU restricting CPUs from NR_CPUS=512 to nr_cpu_ids=2.
[    0.000000] RCU: Adjusting geometry for rcu_fanout_leaf=64, nr_cpu_ids=2
[    0.000000] NR_IRQS:33024 nr_irqs:440 16
[    0.000000] Console: colour VGA+ 80x25
[    0.000000] console [tty1] enabled
[    0.000000] console [ttyS0] enabled
[    0.000000] tsc: Detected 1596.179 MHz processor
[    0.243039] Calibrating delay loop (skipped) preset value.. 3192.35 BogoMIPS (lpj=6384716)
[    0.246309] pid_max: default: 32768 minimum: 301
[    0.248002] ACPI: Core revision 20150930
[    0.251273] ACPI: 2 ACPI AML tables successfully acquired and loaded
[    0.253754] Security Framework initialized
[    0.255184] Yama: becoming mindful.
[    0.256537] AppArmor: AppArmor initialized
[    0.258383] Dentry cache hash table entries: 262144 (order: 9, 2097152 bytes)
[    0.261160] Inode-cache hash table entries: 131072 (order: 8, 1048576 bytes)
[    0.264109] Mount-cache hash table entries: 4096 (order: 3, 32768 bytes)
[    0.266499] Mountpoint-cache hash table entries: 4096 (order: 3, 32768 bytes)
[    0.268966] Initializing cgroup subsys io
[    0.270485] Initializing cgroup subsys memory
[    0.272086] Initializing cgroup subsys devices
[    0.273990] Initializing cgroup subsys freezer
[    0.275482] Initializing cgroup subsys net_cls
[    0.277077] Initializing cgroup subsys perf_event
[    0.278872] Initializing cgroup subsys net_prio
[    0.280596] Initializing cgroup subsys hugetlb
[    0.282108] Initializing cgroup subsys pids
[    0.284461] mce: CPU supports 0 MCE banks
[    0.286775] Last level iTLB entries: 4KB 512, 2MB 7, 4MB 7
[    0.289019] Last level dTLB entries: 4KB 512, 2MB 32, 4MB 32, 1GB 0
[    0.291364] Spectre V1 : Mitigation: usercopy/swapgs barriers and __user pointer sanitization
[    0.295339] Spectre V2 : Mitigation: Full generic retpoline
[    0.297767] Spectre V2 : Spectre v2 / SpectreRSB mitigation: Filling RSB on context switch
[    0.301445] Speculative Store Bypass: Vulnerable
[    0.303227] MDS: Vulnerable: Clear CPU buffers attempted, no microcode
[    0.309020] Freeing SMP alternatives memory: 36K
[    0.318773] ftrace: allocating 32380 entries in 127 pages
[    0.399418] smpboot: APIC(0) Converting physical 0 to logical package 0
[    0.402049] smpboot: Max logical packages: 1
[    0.403918] x2apic enabled
[    0.405354] Switched APIC routing to physical x2apic.
[    0.408482] ..TIMER: vector=0x30 apic1=0 pin1=2 apic2=-1 pin2=-1
[    0.518685] smpboot: CPU0: Intel(R) Core(TM) i7 CPU       Q 720  @ 1.60GHz (family: 0x6, model: 0x1e, stepping: 0x5)
[    0.524021] Performance Events: unsupported p6 CPU model 30 no PMU driver, software events only.
[    0.544716] KVM setup paravirtual spinlock
[    0.548363] x86: Booting SMP configuration:
[    0.550553] .... node  #0, CPUs:      #1
[    0.552947] kvm-clock: cpu 1, msr 0:7ffe3041, secondary cpu clock
[    0.555424] mce: CPU supports 0 MCE banks
[    0.559151] x86: Booted up 1 node, 2 CPUs
[    0.561789] smpboot: Total of 2 processors activated (6384.71 BogoMIPS)
[    0.565565] devtmpfs: initialized
[    0.570779] evm: security.selinux
[    0.572552] evm: security.SMACK64
[    0.574327] evm: security.SMACK64EXEC
[    0.576355] evm: security.SMACK64TRANSMUTE
[    0.578687] evm: security.SMACK64MMAP
[    0.580697] evm: security.ima
[    0.582634] evm: security.capability
[    0.585012] clocksource: jiffies: mask: 0xffffffff max_cycles: 0xffffffff, max_idle_ns: 7645041785100000 ns
[    0.590533] futex hash table entries: 512 (order: 3, 32768 bytes)
[    0.594035] pinctrl core: initialized pinctrl subsystem
[    0.597036] RTC time: 22:35:38, date: 02/25/25
[    0.599586] NET: Registered protocol family 16
[    0.615128] cpuidle: using governor ladder
[    0.627406] cpuidle: using governor menu
[    0.629469] PCCT header not found.
[    0.630972] ACPI: bus type PCI registered
[    0.632975] acpiphp: ACPI Hot Plug PCI Controller Driver version: 0.5
[    0.636104] PCI: Using configuration type 1 for base access
[    0.657330] ACPI: Added _OSI(Module Device)
[    0.659364] ACPI: Added _OSI(Processor Device)
[    0.661760] ACPI: Added _OSI(3.0 _SCP Extensions)
[    0.664428] ACPI: Added _OSI(Processor Aggregator Device)
[    0.669311] ACPI: Executed 1 blocks of module-level executable AML code
[    0.677847] ACPI: Interpreter enabled
[    0.680259] ACPI: (supports S0 S5)
[    0.682173] ACPI: Using IOAPIC for interrupt routing
[    0.685224] PCI: Using host bridge windows from ACPI; if necessary, use "pci=nocrs" and report a bug
[    0.698435] ACPI: PCI Root Bridge [PCI0] (domain 0000 [bus 00-ff])
[    0.701243] acpi PNP0A03:00: _OSC: OS supports [ASPM ClockPM Segments MSI]
[    0.705379] acpi PNP0A03:00: _OSC: not requesting OS control; OS requires [ExtendedConfig ASPM ClockPM MSI]
[    0.709767] acpi PNP0A03:00: fail to add MMCONFIG information, can't access extended PCI configuration space under this bridge.
[    0.715404] PCI host bridge to bus 0000:00
[    0.717267] pci_bus 0000:00: root bus resource [io  0x0000-0x0cf7 window]
[    0.720004] pci_bus 0000:00: root bus resource [io  0x0d00-0xffff window]
[    0.722939] pci_bus 0000:00: root bus resource [mem 0x000a0000-0x000bffff window]
[    0.725876] pci_bus 0000:00: root bus resource [mem 0x80000000-0xfdffffff window]
[    0.728836] pci_bus 0000:00: root bus resource [bus 00-ff]
[    0.734613] pci 0000:00:01.1: legacy IDE quirk: reg 0x10: [io  0x01f0-0x01f7]
[    0.738270] pci 0000:00:01.1: legacy IDE quirk: reg 0x14: [io  0x03f6]
[    0.741048] pci 0000:00:01.1: legacy IDE quirk: reg 0x18: [io  0x0170-0x0177]
[    0.743488] pci 0000:00:01.1: legacy IDE quirk: reg 0x1c: [io  0x0376]
[    0.801269] pci 0000:00:07.0: quirk: [io  0x4000-0x403f] claimed by PIIX4 ACPI
[    0.804230] pci 0000:00:07.0: quirk: [io  0x4100-0x410f] claimed by PIIX4 SMB
[    0.840130] ACPI: PCI Interrupt Link [LNKA] (IRQs 5 9 10 *11)
[    0.843432] ACPI: PCI Interrupt Link [LNKB] (IRQs 5 9 *10 11)
[    0.846529] ACPI: PCI Interrupt Link [LNKC] (IRQs 5 *9 10 11)
[    0.861610] ACPI: PCI Interrupt Link [LNKD] (IRQs 5 9 10 *11)
[    0.864777] ACPI: Enabled 2 GPEs in block 00 to 07
[    0.867460] vgaarb: setting as boot device: PCI:0000:00:02.0
[    0.870104] vgaarb: device added: PCI:0000:00:02.0,decodes=io+mem,owns=io+mem,locks=none
[    0.874517] vgaarb: loaded
[    0.875963] vgaarb: bridge control possible 0000:00:02.0
[    0.878848] SCSI subsystem initialized
[    0.880880] ACPI: bus type USB registered
[    0.882569] usbcore: registered new interface driver usbfs
[    0.884987] usbcore: registered new interface driver hub
[    0.887183] usbcore: registered new device driver usb
[    0.889824] PCI: Using ACPI for IRQ routing
[    0.892045] NetLabel: Initializing
[    0.893689] NetLabel:  domain hash size = 128
[    0.895462] NetLabel:  protocols = UNLABELED CIPSOv4
[    0.897466] NetLabel:  unlabeled traffic allowed by default
[    0.899569] amd_nb: Cannot enumerate AMD northbridges
[    0.901497] clocksource: Switched to clocksource kvm-clock
[    0.913495] AppArmor: AppArmor Filesystem Enabled
[    0.916720] pnp: PnP ACPI init
[    0.920098] pnp: PnP ACPI: found 3 devices
[    0.938257] clocksource: acpi_pm: mask: 0xffffff max_cycles: 0xffffff, max_idle_ns: 2085701024 ns
[    0.942816] NET: Registered protocol family 2
[    0.945067] TCP established hash table entries: 16384 (order: 5, 131072 bytes)
[    0.948148] TCP bind hash table entries: 16384 (order: 6, 262144 bytes)
[    0.950820] TCP: Hash tables configured (established 16384 bind 16384)
[    0.953071] UDP hash table entries: 1024 (order: 3, 32768 bytes)
[    0.955161] UDP-Lite hash table entries: 1024 (order: 3, 32768 bytes)
[    0.957445] NET: Registered protocol family 1
[    0.959058] pci 0000:00:00.0: Limiting direct PCI/PCI transfers
[    0.961340] pci 0000:00:01.0: Activating ISA DMA hang workarounds
[    0.963515] Unpacking initramfs...
[    1.232185] Freeing initrd memory: 15724K
[    1.234269] clocksource: tsc: mask: 0xffffffffffffffff max_cycles: 0x17020b7895d, max_idle_ns: 440795262406 ns
[    1.237658] platform rtc_cmos: registered platform RTC device (no PNP device found)
[    1.240360] Scanning for low memory corruption every 60 seconds
[    1.243189] audit: initializing netlink subsys (disabled)
[    1.245157] audit: type=2000 audit(1740522971.109:1): initialized
[    1.247471] Initialise system trusted keyring
[    1.249436] HugeTLB registered 2 MB page size, pre-allocated 0 pages
[    1.253337] zbud: loaded
[    1.255039] VFS: Disk quotas dquot_6.6.0
[    1.256744] VFS: Dquot-cache hash table entries: 512 (order 0, 4096 bytes)
[    1.259503] squashfs: version 4.0 (2009/01/31) Phillip Lougher
[    1.261955] fuse init (API version 7.23)
[    1.263775] Key type big_key registered
[    1.265333] Allocating IMA MOK and blacklist keyrings.
[    1.268992] Key type asymmetric registered
[    1.271292] Asymmetric key parser 'x509' registered
[    1.273940] Block layer SCSI generic (bsg) driver version 0.4 loaded (major 249)
[    1.278268] io scheduler noop registered
[    1.280477] io scheduler deadline registered (default)
[    1.283343] io scheduler cfq registered
[    1.285549] pci_hotplug: PCI Hot Plug PCI Core version: 0.5
[    1.288482] pciehp: PCI Express Hot Plug Controller Driver version: 0.4
[    1.292239] ACPI: AC Adapter [AC] (on-line)
[    1.294521] input: Power Button as /devices/LNXSYSTM:00/LNXPWRBN:00/input/input0
[    1.298405] ACPI: Power Button [PWRF]
[    1.300530] input: Sleep Button as /devices/LNXSYSTM:00/LNXSLPBN:00/input/input1
[    1.304326] ACPI: Sleep Button [SLPF]
[    1.306752] GHES: HEST is not enabled!
[    1.309296] Serial: 8250/16550 driver, 32 ports, IRQ sharing enabled
[    1.334568] 00:02: ttyS0 at I/O 0x3f8 (irq = 4, base_baud = 115200) is a 16550A
[    1.346556] Linux agpgart interface v0.103
[    1.354466] loop: module loaded
[    1.357909] scsi host0: ata_piix
[    1.360521] scsi host1: ata_piix
[    1.362640] ata1: PATA max UDMA/33 cmd 0x1f0 ctl 0x3f6 bmdma 0xd000 irq 14
[    1.366530] ata2: PATA max UDMA/33 cmd 0x170 ctl 0x376 bmdma 0xd008 irq 15
[    1.371667] libphy: Fixed MDIO Bus: probed
[    1.374497] tun: Universal TUN/TAP device driver, 1.6
[    1.377757] tun: (C) 1999-2004 Max Krasnyansky <maxk@qualcomm.com>
[    1.381572] PPP generic driver version 2.4.2
[    1.384537] ehci_hcd: USB 2.0 'Enhanced' Host Controller (EHCI) Driver
[    1.388040] ehci-pci: EHCI PCI platform driver
[    1.390732] ehci-platform: EHCI generic platform driver
[    1.394159] ohci_hcd: USB 1.1 'Open' Host Controller (OHCI) Driver
[    1.397868] ohci-pci: OHCI PCI platform driver
[    1.400841] ohci-platform: OHCI generic platform driver
[    1.404319] uhci_hcd: USB Universal Host Controller Interface driver
[    1.408080] i8042: PNP: PS/2 Controller [PNP0303:PS2K,PNP0f03:PS2M] at 0x60,0x64 irq 1,12
[    1.415333] serio: i8042 KBD port at 0x60,0x64 irq 1
[    1.418422] serio: i8042 AUX port at 0x60,0x64 irq 12
[    1.421674] mousedev: PS/2 mouse device common for all mice
[    1.425972] input: AT Translated Set 2 keyboard as /devices/platform/i8042/serio0/input/input2
[    1.430126] rtc_cmos rtc_cmos: rtc core: registered rtc_cmos as rtc0
[    1.430249] rtc_cmos rtc_cmos: alarms up to one day, 114 bytes nvram
[    1.430263] i2c /dev entries driver
[    1.430372] device-mapper: uevent: version 1.0.3
[    1.430498] device-mapper: ioctl: 4.34.0-ioctl (2015-10-28) initialised: dm-devel@redhat.com
[    1.430526] ledtrig-cpu: registered to indicate activity on CPUs
[    1.430990] NET: Registered protocol family 10
[    1.431220] NET: Registered protocol family 17
[    1.431233] Key type dns_resolver registered
[    1.431786] registered taskstats version 1
[    1.431810] Loading compiled-in X.509 certificates
[    1.433655] Loaded X.509 cert 'Build time autogenerated kernel key: cf00e047681d67edb2720680708b7d9498083038'
[    1.433696] zswap: loaded using pool lzo/zbud
[    1.437625] Key type trusted registered
[    1.444393] Key type encrypted registered
[    1.444404] AppArmor: AppArmor sha1 policy hashing enabled
[    1.444407] ima: No TPM chip found, activating TPM-bypass!
[    1.444414] ima: Allocated hash algorithm: sha1
[    1.444437] evm: HMAC attrs: 0x1
[    1.444968]   Magic number: 13:219:604
[    1.445763] rtc_cmos rtc_cmos: setting system clock to 2025-02-25 22:35:39 UTC (1740522939)
[    1.445896] BIOS EDD facility v0.16 2004-Jun-25, 0 devices found
[    1.445896] EDD information not available.
[    1.560320] Freeing unused kernel memory: 1492K
[    1.573804] Write protecting the kernel read-only data: 14336k
[    1.579468] Freeing unused kernel memory: 1584K
[    1.585593] Freeing unused kernel memory: 52K
Loading, please wait...
starting version 229
[    1.623333] random: systemd-udevd: uninitialized urandom read (16 bytes read, 2 bits of entropy available)
[    1.624903] random: udevadm: uninitialized urandom read (16 bytes read, 2 bits of entropy available)
[    1.624953] random: udevadm: uninitialized urandom read (16 bytes read, 2 bits of entropy available)
[    1.640701] random: systemd-udevd: uninitialized urandom read (16 bytes read, 2 bits of entropy available)
[    1.646282] random: systemd-udevd: uninitialized urandom read (16 bytes read, 2 bits of entropy available)
[    1.651685] random: udevadm: uninitialized urandom read (16 bytes read, 2 bits of entropy available)
[    1.651784] random: udevadm: uninitialized urandom read (16 bytes read, 2 bits of entropy available)
[    1.652213] random: udevadm: uninitialized urandom read (16 bytes read, 2 bits of entropy available)
[    1.652382] random: udevadm: uninitialized urandom read (16 bytes read, 2 bits of entropy available)
[    1.652556] random: udevadm: uninitialized urandom read (16 bytes read, 2 bits of entropy available)
[    1.793081] e1000: Intel(R) PRO/1000 Network Driver - version 7.3.21-k8-NAPI
[    1.796797] e1000: Copyright (c) 1999-2006 Intel Corporation.
[    1.804755] Fusion MPT base driver 3.04.20
[    1.807399] Copyright (c) 1999-2008 LSI Corporation
[    1.820722] [drm] Initialized drm 1.1.0 20060810
[    1.868326] Fusion MPT SPI Host driver 3.04.20
[    1.894372] vboxvideo: loading out-of-tree module taints kernel.
[    1.904054] vboxvideo: module verification failed: signature and/or required key missing - tainting kernel
[    1.912124] vboxvideo: loading version 7.0.20 r163906
[    2.058459] input: ImExPS/2 Generic Explorer Mouse as /devices/platform/i8042/serio1/input/input4
[    2.650375] e1000 0000:00:03.0 eth0: (PCI:33MHz:32-bit) 02:be:82:6b:cc:1d
[    2.654531] e1000 0000:00:03.0 eth0: Intel(R) PRO/1000 Network Connection
[    3.660807] e1000 0000:00:08.0 eth1: (PCI:33MHz:32-bit) 08:00:27:ff:f1:f3
[    3.665659] e1000 0000:00:08.0 eth1: Intel(R) PRO/1000 Network Connection
[    3.672805] mptbase: ioc0: Initiating bringup
[    3.673767] e1000 0000:00:08.0 enp0s8: renamed from eth1
[    3.687796] e1000 0000:00:03.0 enp0s3: renamed from eth0
[    3.753941] ioc0: LSI53C1030 A0: Capabilities={Initiator}
[    3.918611] scsi host2: ioc0: LSI53C1030 A0, FwRev=00000000h, Ports=1, MaxQ=256, IRQ=20
[    4.034784] scsi 2:0:0:0: Direct-Access     VBOX     HARDDISK         1.0  PQ: 0 ANSI: 5
[    4.041211] scsi target2:0:0: Beginning Domain Validation
[    4.045390] [drm] VRAM 01000000
[    4.048513] [TTM] Zone  kernel: Available graphics memory: 1024018 kiB
[    4.052638] [TTM] Initializing pool allocator
[    4.055657] [TTM] Initializing DMA pool allocator
[    4.060820] scsi target2:0:0: Domain Validation skipping write tests
[    4.064678] scsi target2:0:0: Ending Domain Validation
[    4.067400] scsi target2:0:0: asynchronous
[    4.072906] fbcon: vboxdrmfb (fb0) is primary device
[    4.078137] scsi 2:0:1:0: Direct-Access     VBOX     HARDDISK         1.0  PQ: 0 ANSI: 5
[    4.078150] scsi target2:0:1: Beginning Domain Validation
[    4.080801] scsi target2:0:1: Domain Validation skipping write tests
[    4.080804] scsi target2:0:1: Ending Domain Validation
[    4.080944] scsi target2:0:1: asynchronous
[    4.091110] Console: switching to colour frame buffer device 100x37
[    4.098404] sd 2:0:0:0: Attached scsi generic sg0 type 0
[    4.098899] sd 2:0:1:0: Attached scsi generic sg1 type 0
[    4.101611] sd 2:0:1:0: [sdb] 20480 512-byte logical blocks: (10.5 MB/10.0 MiB)
[    4.101667] sd 2:0:0:0: [sda] 83886080 512-byte logical blocks: (42.9 GB/40.0 GiB)
[    4.109381] sd 2:0:0:0: [sda] Write Protect is off
[    4.109434] sd 2:0:1:0: [sdb] Write Protect is off
[    4.115009] sd 2:0:0:0: [sda] Incomplete mode parameter data
[    4.115013] sd 2:0:0:0: [sda] Assuming drive cache: write through
[    4.115065] sd 2:0:1:0: [sdb] Incomplete mode parameter data
[    4.115069] sd 2:0:1:0: [sdb] Assuming drive cache: write through
[    4.140882] vboxvideo 0000:00:02.0: fb0: vboxdrmfb frame buffer device
[    4.158748]  sda: sda1
[    4.161645] [drm] Initialized vboxvideo 1.0.0 20130823 for 0000:00:02.0 on minor 0
[    4.165551] sd 2:0:0:0: [sda] Attached SCSI disk
[    4.200061] sd 2:0:1:0: [sdb] Attached SCSI disk
Begin: Loading essential drivers ... [    4.396130] md: linear personality registered for level -1
[    4.403069] md: multipath personality registered for level -4
[    4.412072] md: raid0 personality registered for level 0
[    4.424246] md: raid1 personality registered for level 1
[    4.501643] raid6: sse2x1   gen()  3105 MB/s
[    4.569689] raid6: sse2x1   xor()  2752 MB/s
[    4.637648] raid6: sse2x2   gen()  4284 MB/s
[    4.705723] raid6: sse2x2   xor()  4290 MB/s
[    4.773612] raid6: sse2x4   gen()  5888 MB/s
[    4.841659] raid6: sse2x4   xor()  4868 MB/s
[    4.843927] raid6: using algorithm sse2x4 gen() 5888 MB/s
[    4.847237] raid6: .... xor() 4868 MB/s, rmw enabled
[    4.850514] raid6: using ssse3x2 recovery algorithm
[    4.856031] xor: measuring software checksum speed
[    4.897657]    prefetch64-sse:  8817.000 MB/sec
[    4.937657]    generic_sse:  7825.000 MB/sec
[    4.939920] xor: using function: prefetch64-sse (8817.000 MB/sec)
[    4.945348] async_tx: api initialized (async)
[    4.964749] md: raid6 personality registered for level 6
[    4.967952] md: raid5 personality registered for level 5
[    4.970450] md: raid4 personality registered for level 4
[    4.983654] md: raid10 personality registered for level 10
done.
Begin: Running /scripts/init-premount ... done.
Begin: Mounting root file system ... Begin: Running /scripts/local-top ... done.
Begin: Running /scripts/local-premount ... [    5.046224] Btrfs loaded
Scanning for Btrfs filesystems
done.
Begin: Will now check root file system ... fsck from util-linux 2.27.1
[/sbin/fsck.ext4 (1) -- /dev/sda1] fsck.ext4 -a -C0 /dev/sda1 
cloudimg-rootfs: recovering journal
cloudimg-rootfs: clean, 82279/5120000 files, 1084697/10485499 blocks
done.
[    6.464076] EXT4-fs (sda1): mounted filesystem with ordered data mode. Opts: (null)
done.
Begin: Running /scripts/local-bottom ... done.
Begin: Running /scripts/init-bottom ... done.
[    6.836755] random: nonblocking pool is initialized
[    7.423244] systemd[1]: systemd 229 running in system mode. (+PAM +AUDIT +SELINUX +IMA +APPARMOR +SMACK +SYSVINIT +UTMP +LIBCRYPTSETUP +GCRYPT +GNUTLS +ACL +XZ -LZ4 +SECCOMP +BLKID +ELFUTILS +KMOD -IDN)
[    7.431306] systemd[1]: Detected virtualization oracle.
[    7.433697] systemd[1]: Detected architecture x86-64.

Welcome to [1mUbuntu 16.04.7 LTS[0m!

[    7.509635] systemd[1]: Set hostname to <aoutifras>.
[    9.448573] systemd[1]: Listening on Journal Audit Socket.
[[0;32m  OK  [0m] Listening on Journal Audit Socket.
[    9.453584] systemd[1]: Reached target User and Group Name Lookups.
[[0;32m  OK  [0m] Reached target User and Group Name Lookups.
[    9.460043] systemd[1]: Listening on /dev/initctl Compatibility Named Pipe.
[[0;32m  OK  [0m] Listening on /dev/initctl Compatibility Named Pipe.
[    9.465475] systemd[1]: Started Forward Password Requests to Wall Directory Watch.
[[0;32m  OK  [0m] Started Forward Password Requests to Wall Directory Watch.
[    9.472980] systemd[1]: Reached target Encrypted Volumes.
[[0;32m  OK  [0m] Reached target Encrypted Volumes.
[    9.478029] systemd[1]: Started Trigger resolvconf update for networkd DNS.
[[0;32m  OK  [0m] Started Trigger resolvconf update for networkd DNS.
[    9.484289] systemd[1]: Reached target Swap.
[[0;32m  OK  [0m] Reached target Swap.
[    9.489274] systemd[1]: Listening on udev Control Socket.
[[0;32m  OK  [0m] Listening on udev Control Socket.
[    9.494446] systemd[1]: Listening on Device-mapper event daemon FIFOs.
[[0;32m  OK  [0m] Listening on Device-mapper event daemon FIFOs.
[    9.501289] systemd[1]: Created slice System Slice.
[[0;32m  OK  [0m] Created slice System Slice.
[    9.506827] systemd[1]: Created slice system-serial\x2dgetty.slice.
[[0;32m  OK  [0m] Created slice system-serial\x2dgetty.slice.
[    9.512604] systemd[1]: Listening on Journal Socket (/dev/log).
[[0;32m  OK  [0m] Listening on Journal Socket (/dev/log).
[    9.516889] systemd[1]: Listening on fsck to fsckd communication Socket.
[[0;32m  OK  [0m] Listening on fsck to fsckd communication Socket.
[    9.523188] systemd[1]: Reached target System Time Synchronized.
[[0;32m  OK  [0m] Reached target System Time Synchronized.
[    9.529096] systemd[1]: Listening on LVM2 metadata daemon socket.
[[0;32m  OK  [0m] Listening on LVM2 metadata daemon socket.
[    9.534065] systemd[1]: Set up automount Arbitrary Executable File Formats File System Automount Point.
[[0;32m  OK  [0m] Set up automount Arbitrary Executab...ats File System Automount Point.
[    9.540921] systemd[1]: Listening on udev Kernel Socket.
[[0;32m  OK  [0m] Listening on udev Kernel Socket.
[    9.545042] systemd[1]: Listening on Syslog Socket.
[[0;32m  OK  [0m] Listening on Syslog Socket.
[    9.554482] systemd[1]: Created slice User and Session Slice.
[[0;32m  OK  [0m] Created slice User and Session Slice.
[    9.558772] systemd[1]: Reached target Slices.
[[0;32m  OK  [0m] Reached target Slices.
[    9.562399] systemd[1]: Listening on Journal Socket.
[[0;32m  OK  [0m] Listening on Journal Socket.
[    9.581794] systemd[1]: Starting Nameserver information manager...
         Starting Nameserver information manager...
[    9.589745] systemd[1]: Starting Journal Service...
         Starting Journal Service...
[    9.598820] systemd[1]: Mounting Huge Pages File System...
         Mounting Huge Pages File System...
[    9.605850] systemd[1]: Mounting POSIX Message Queue File System...
         Mounting POSIX Message Queue File System...
[    9.612762] systemd[1]: Starting Create list of required static device nodes for the current kernel...
         Starting Create list of required st... nodes for the current kernel...
[    9.626920] systemd[1]: Starting Set console keymap...
         Starting Set console keymap...
[    9.725969] systemd[1]: Starting Load Kernel Modules...
         Starting Load Kernel Modules...
[    9.732349] systemd[1]: Starting Remount Root and Kernel File Systems...
         Starting Remount Root and Kernel File Systems...
[    9.740696] systemd[1]: Mounting Debug File System...
         Mounting Debug File System...
[    9.751011] systemd[1]: Starting Monitoring of LVM2 mirrors, snapshots etc. using dmeventd or progress polling...
         Starting Monitoring of LVM2 mirrors... dmeventd or progress polling...
[    9.780265] EXT4-fs (sda1): re-mounted. Opts: (null)
[    9.785913] systemd[1]: Starting Uncomplicated firewall...
         Starting Uncomplicated firewall...
[    9.790541] systemd[1]: Listening on LVM2 poll daemon socket.
[[0;32m  OK  [0m] Listening on LVM2 poll daemon socket.
[    9.797987] systemd[1]: Mounted Huge Pages File System.
[[0;32m  OK  [0m] Mounted Huge Pages File System.
[    9.802556] systemd[1]: Mounted POSIX Message Queue File System.
[[0;32m  OK  [0m] Mounted POSIX Message Queue File System.
[    9.807796] systemd[1]: Mounted Debug File System.
[[0;32m  OK  [0m] Mounted Debug File System.
[    9.824330] systemd[1]: Started Create list of required static device nodes for the current kernel.
[[0;32m  OK  [0m] Started Create list of required sta...ce nodes for the current kernel.
[    9.835803] systemd[1]: Started Remount Root and Kernel File Systems.
[[0;32m  OK  [0m] Started Remount Root and Kernel File Systems.
[    9.846144] systemd[1]: Starting Load/Save Random Seed...
         Starting Load/Save Random Seed...
[    9.947616] systemd[1]: Starting udev Coldplug all Devices...
         Starting udev Coldplug all Devices...
[    9.964050] systemd[1]: Starting Create Static Device Nodes in /dev...
         Starting Create Static Device Nodes in /dev...
[    9.971238] Loading iSCSI transport class v2.0-870.
[    9.974246] systemd[1]: Started Uncomplicated firewall.
[[0;32m  OK  [0m] Started Uncomplicated firewall.
[   10.013930] systemd[1]: Started Nameserver information manager.
[[0;32m  OK  [0m] Started Nameserver information manager.
[   10.027238] systemd[1]: Started Set console keymap.
[[0;32m  OK  [0m] Started Set console keymap.
[   10.035416] systemd[1]: Started Load/Save Random Seed.
[[0;32m  OK  [0m] Started Load/Save Random Seed.
[   10.040977] systemd[1]: Started Journal Service.
[[0;32m  OK  [0m] Started Journal Service.
[   10.051503] iscsi: registered transport (tcp)
         Starting Flush Journal to Persistent Storage...
[[0;32m  OK  [0m] Started udev Coldplug all Devices.
[   10.174196] systemd-journald[357]: Received request to flush runtime journal from PID 1
[[0;32m  OK  [0m] Started Flush Journal to Persistent Storage.
[[0;32m  OK  [0m] Started LVM2 metadata daemon.
[   10.425471] iscsi: registered transport (iser)
[[0;32m  OK  [0m] Started Load Kernel Modules.
         Starting Apply Kernel Variables...
         Mounting FUSE Control File System...
[[0;32m  OK  [0m] Mounted FUSE Control File System.
[[0;32m  OK  [0m] Started Create Static Device Nodes in /dev.
         Starting udev Kernel Device Manager...
[[0;32m  OK  [0m] Started Apply Kernel Variables.
[[0;32m  OK  [0m] Started Monitoring of LVM2 mirrors,...ng dmeventd or progress polling.
[[0;32m  OK  [0m] Reached target Local File Systems (Pre).
[[0;32m  OK  [0m] Reached target Local File Systems.
         Starting Set console font and keymap...
         Starting LSB: AppArmor initialization...
         Starting Create Volatile Files and Directories...
         Starting Tell Plymouth To Write Out Runtime Data...
         Starting Initial cloud-init job (pre-networking)...
[[0;32m  OK  [0m] Started Tell Plymouth To Write Out Runtime Data.
[[0;32m  OK  [0m] Started Create Volatile Files and Directories.
         Starting Update UTMP about System Boot/Shutdown...
[[0;32m  OK  [0m] Started Update UTMP about System Boot/Shutdown.
[[0;32m  OK  [0m] Started Set console font and keymap.
[[0;32m  OK  [0m] Started udev Kernel Device Manager.
[[0;32m  OK  [0m] Started Dispatch Password Requests to Console Directory Watch.
[[0;32m  OK  [0m] Created slice system-getty.slice.
[[0;32m  OK  [0m] Found device /dev/ttyS0.
[[0;32m  OK  [0m] Listening on Load/Save RF Kill Switch Status /dev/rfkill Watch.
[[0;32m  OK  [0m] Found device 82540EM Gigabit Ethern...r (PRO/1000 MT Desktop Adapter).
[[0;32m  OK  [0m] Found device 82540EM Gigabit Ethern...r (PRO/1000 MT Desktop Adapter).
[[0;32m  OK  [0m] Started LSB: AppArmor initialization.
         Starting Load AppArmor profiles managed internally by snapd...
[[0;32m  OK  [0m] Started Load AppArmor profiles managed internally by snapd.
[   20.399715] cloud-init[462]: Cloud-init v. 21.1-19-gbad84ad4-0ubuntu1~16.04.2 running 'init-local' at Tue, 25 Feb 2025 22:35:56 +0000. Up 18.31 seconds.
[[0;32m  OK  [0m] Started Initial cloud-init job (pre-networking).
[[0;32m  OK  [0m] Reached target Network (Pre).
[[0;32m  OK  [0m] Started ifup for enp0s8.
[[0;32m  OK  [0m] Started ifup for enp0s3.
         Starting Raise network interfaces...
[[0;32m  OK  [0m] Started Raise network interfaces.
         Starting Initial cloud-init job (metadata service crawler)...
[[0;32m  OK  [0m] Reached target Network.
[   23.182167] cloud-init[1057]: Cloud-init v. 21.1-19-gbad84ad4-0ubuntu1~16.04.2 running 'init' at Tue, 25 Feb 2025 22:35:59 +0000. Up 21.37 seconds.
[   23.190564] cloud-init[1057]: ci-info: ++++++++++++++++++++++++++++++++++++++Net device info+++++++++++++++++++++++++++++++++++++++
[   23.198372] cloud-init[1057]: ci-info: +--------+------+-----------------------------+---------------+--------+-------------------+
[   23.205119] cloud-init[1057]: ci-info: | Device |  Up  |           Address           |      Mask     | Scope  |     Hw-Address    |
[   23.211799] cloud-init[1057]: ci-info: +--------+------+-----------------------------+---------------+--------+-------------------+
[   23.217777] cloud-init[1057]: ci-info: | enp0s3 | True |          10.0.2.15          | 255.255.255.0 | global | 02:be:82:6b:cc:1d |
[   23.223397] cloud-init[1057]: ci-info: | enp0s3 | True |  fe80::be:82ff:fe6b:cc1d/64 |       .       |  link  | 02:be:82:6b:cc:1d |
[   23.228596] cloud-init[1057]: ci-info: | enp0s8 | True |        192.168.56.10        | 255.255.255.0 | global | 08:00:27:ff:f1:f3 |
[   23.233455] cloud-init[1057]: ci-info: | enp0s8 | True | fe80::a00:27ff:feff:f1f3/64 |       .       |  link  | 08:00:27:ff:f1:f3 |
[   23.238497] cloud-init[1057]: ci-info: |   lo   | True |          127.0.0.1          |   255.0.0.0   |  host  |         .         |
[   23.243102] cloud-init[1057]: ci-info: |   lo   | True |           ::1/128           |       .       |  host  |         .         |
[   23.248806] cloud-init[1057]: ci-info: +--------+------+-----------------------------+---------------+--------+-------------------+
[   23.254488] cloud-init[1057]: ci-info: ++++++++++++++++++++++++++++Route IPv4 info++++++++++++++++++++++++++++
[   23.259110] cloud-init[1057]: ci-info: +-------+--------------+----------+---------------+-----------+-------+
[   23.262754] cloud-init[1057]: ci-info: | Route | Destination  | Gateway  |    Genmask    | Interface | Flags |
[   23.266329] cloud-init[1057]: ci-info: +-------+--------------+----------+---------------+-----------+-------+
[   23.272244] cloud-init[1057]: ci-info: |   0   |   0.0.0.0    | 10.0.2.2 |    0.0.0.0    |   enp0s3  |   UG  |
[   23.278489] cloud-init[1057]: ci-info: |   1   |   10.0.2.0   | 0.0.0.0  | 255.255.255.0 |   enp0s3  |   U   |
[   23.284815] cloud-init[1057]: ci-info: |   2   | 192.168.56.0 | 0.0.0.0  | 255.255.255.0 |   enp0s8  |   U   |
[   23.288330] cloud-init[1057]: ci-info: +-------+--------------+----------+---------------+-----------+-------+
[   23.292187] cloud-init[1057]: ci-info: +++++++++++++++++++Route IPv6 info+++++++++++++++++++
[   23.295231] cloud-init[1057]: ci-info: +-------+-------------+---------+-----------+-------+
[   23.300704] cloud-init[1057]: ci-info: | Route | Destination | Gateway | Interface | Flags |
[   23.303391] cloud-init[1057]: ci-info: +-------+-------------+---------+-----------+-------+
[   23.305841] cloud-init[1057]: ci-info: |   0   |  fe80::/64  |    ::   |   enp0s8  |   U   |
[   23.308538] cloud-init[1057]: ci-info: |   1   |  fe80::/64  |    ::   |   enp0s3  |   U   |
[   23.311540] cloud-init[1057]: ci-info: |   4   |   ff00::/8  |    ::   |   enp0s8  |   U   |
[   23.313956] cloud-init[1057]: ci-info: |   5   |   ff00::/8  |    ::   |   enp0s3  |   U   |
[   23.316357] cloud-init[1057]: ci-info: +-------+-------------+---------+-----------+-------+
[[0;32m  OK  [0m] Started Initial cloud-init job (metadata service crawler).
[[0;32m  OK  [0m] Reached target Network is Online.
         Starting iSCSI initiator daemon (iscsid)...
[[0;32m  OK  [0m] Reached target Cloud-config availability.
[[0;32m  OK  [0m] Reached target System Initialization.
[[0;32m  OK  [0m] Started ACPI Events Check.
[[0;32m  OK  [0m] Reached target Paths.
         Starting LXD - unix socket.
[[0;32m  OK  [0m] Listening on ACPID Listen Socket.
[[0;32m  OK  [0m] Started Daily Cleanup of Temporary Directories.
[[0;32m  OK  [0m] Started Ubuntu Advantage update messaging.
[[0;32m  OK  [0m] Listening on D-Bus System Message Bus Socket.
[[0;32m  OK  [0m] Listening on UUID daemon activation socket.
[[0;32m  OK  [0m] Started Message of the Day.
[[0;32m  OK  [0m] Started Daily apt download activities.
[[0;32m  OK  [0m] Started Daily apt upgrade and clean activities.
[[0;32m  OK  [0m] Reached target Timers.
         Starting Socket activation for snappy daemon.
[[0;32m  OK  [0m] Listening on LXD - unix socket.
[[0;32m  OK  [0m] Listening on Socket activation for snappy daemon.
[[0;32m  OK  [0m] Reached target Sockets.
[[0;32m  OK  [0m] Reached target Basic System.
         Starting Login Service...
[[0;32m  OK  [0m] Started Deferred execution scheduler.
         Starting vboxadd.service...
         Starting LSB: MD monitoring daemon...
         Starting Lightweight Kubernetes...
         Starting OpenBSD Secure Shell server...
[[0;32m  OK  [0m] Started D-Bus System Message Bus.
[[0;32m  OK  [0m] Started ACPI event daemon.
         Starting System Logging Service...
[[0;32m  OK  [0m] Started FUSE filesystem for LXC.
[[0;32m  OK  [0m] Started Regular background program processing daemon.
         Starting LSB: Record successful boot for GRUB...
         Starting Snap Daemon...
         Starting Accounts Service...
         Starting /etc/rc.local Compatibility...
         Starting LXD - container startup/shutdown...
[[0;32m  OK  [0m] Started iSCSI initiator daemon (iscsid).
         Starting Login to default iSCSI targets...
[[0;32m  OK  [0m] Started Login Service.
[[0;32m  OK  [0m] Started Unattended Upgrades Shutdown.
[[0;32m  OK  [0m] Started OpenBSD Secure Shell server.
[[0;32m  OK  [0m] Started /etc/rc.local Compatibility.
[[0;32m  OK  [0m] Started vboxadd.service.
         Starting vboxadd-service.service...
[[0;32m  OK  [0m] Started LSB: Record successful boot for GRUB.
[[0;32m  OK  [0m] Started LSB: MD monitoring daemon.
[[0;32m  OK  [0m] Started Login to default iSCSI targets.
[[0;32m  OK  [0m] Reached target Remote File Systems (Pre).
         Mounting /vag...
[[0;32m  OK  [0m] Started vboxadd-service.service.
[[0;1;31mFAILED[0m] Failed to mount /vag.
See 'systemctl status vag.mount' for details.
[[0;1;33mDEPEND[0m] Dependency failed for Remote File Systems.
         Starting Permit User Sessions...
         Starting LSB: daemon to balance interrupts for SMP systems...
         Starting LSB: Set the CPU Frequency Scaling governor to "ondemand"...
         Starting LSB: automatic crash report generation...
[[0;32m  OK  [0m] Started LSB: Set the CPU Frequency Scaling governor to "ondemand".
[[0;32m  OK  [0m] Started Permit User Sessions.
         Starting Terminate Plymouth Boot Screen...
         Starting Hold until boot process finishes up...
[[0;32m  OK  [0m] Started System Logging Service.
[[0;32m  OK  [0m] Started Terminate Plymouth Boot Screen.
[[0;32m  OK  [0m] Started Hold until boot process finishes up.
         Starting Set console scheme...
[[0;32m  OK  [0m] Started Getty on tty1.
[[0;32m  OK  [0m] Started Serial Getty on ttyS0.
[[0;32m  OK  [0m] Reached target Login Prompts.
[[0;32m  OK  [0m] Started Set console scheme.
[[0;32m  OK  [0m] Started LSB: daemon to balance interrupts for SMP systems.
[[0;32m  OK  [0m] Started LSB: automatic crash report generation.
[[0;32m  OK  [0m] Created slice User Slice of vagrant.
         Starting User Manager for UID 1000...
         Starting Authenticate and Authorize Users to Run Privileged Tasks...
[[0;32m  OK  [0m] Started Session 1 of user vagrant.
[[0;32m  OK  [0m] Started User Manager for UID 1000.
[[0;32m  OK  [0m] Started Authenticate and Authorize Users to Run Privileged Tasks.
[[0;32m  OK  [0m] Started Accounts Service.
[[0;32m  OK  [0m] Started LXD - container startup/shutdown.

Ubuntu 16.04.7 LTS aoutifras ttyS0

aoutifras login: [   33.639075] cloud-init[1569]: Cloud-init v. 21.1-19-gbad84ad4-0ubuntu1~16.04.2 running 'modules:config' at Tue, 25 Feb 2025 22:36:11 +0000. Up 33.12 seconds.
[   58.127998] cloud-init[2103]: Cloud-init v. 21.1-19-gbad84ad4-0ubuntu1~16.04.2 running 'modules:final' at Tue, 25 Feb 2025 22:36:35 +0000. Up 57.06 seconds.
[   58.128865] cloud-init[2103]: Cloud-init v. 21.1-19-gbad84ad4-0ubuntu1~16.04.2 finished at Tue, 25 Feb 2025 22:36:36 +0000. Datasource DataSourceNoCloud [seed=/dev/sdb][dsmode=net].  Up 58.06 seconds
