[    0.000000] Initializing cgroup subsys cpuset
[    0.000000] Initializing cgroup subsys cpu
[    0.000000] Initializing cgroup subsys cpuacct
[    0.000000] Linux version 4.4.0-210-generic (buildd@lgw01-amd64-009) (gcc version 5.4.0 20160609 (Ubuntu 5.4.0-6ubuntu1~16.04.12) ) #242-Ubuntu SMP Fri Apr 16 09:57:56 UTC 2021 (Ubuntu 4.4.0-210.242-generic 4.4.262)
[    0.000000] Command line: BOOT_IMAGE=/boot/vmlinuz-4.4.0-210-generic root=LABEL=cloudimg-rootfs ro console=tty1 console=ttyS0
[    0.000000] KERNEL supported cpus:
[    0.000000]   Intel GenuineIntel
[    0.000000]   AMD AuthenticAMD
[    0.000000]   Centaur CentaurHauls
[    0.000000] x86/fpu: Legacy x87 FPU detected.
[    0.000000] e820: BIOS-provided physical RAM map:
[    0.000000] BIOS-e820: [mem 0x0000000000000000-0x000000000009fbff] usable
[    0.000000] BIOS-e820: [mem 0x000000000009fc00-0x000000000009ffff] reserved
[    0.000000] BIOS-e820: [mem 0x00000000000f0000-0x00000000000fffff] reserved
[    0.000000] BIOS-e820: [mem 0x0000000000100000-0x000000003ffeffff] usable
[    0.000000] BIOS-e820: [mem 0x000000003fff0000-0x000000003fffffff] ACPI data
[    0.000000] BIOS-e820: [mem 0x00000000fec00000-0x00000000fec00fff] reserved
[    0.000000] BIOS-e820: [mem 0x00000000fee00000-0x00000000fee00fff] reserved
[    0.000000] BIOS-e820: [mem 0x00000000fffc0000-0x00000000ffffffff] reserved
[    0.000000] NX (Execute Disable) protection: active
[    0.000000] SMBIOS 2.5 present.
[    0.000000] Hypervisor detected: KVM
[    0.000000] e820: last_pfn = 0x3fff0 max_arch_pfn = 0x400000000
[    0.000000] MTRR: Disabled
[    0.000000] x86/PAT: MTRRs disabled, skipping PAT initialization too.
[    0.000000] CPU MTRRs all blank - virtualized system.
[    0.000000] x86/PAT: Configuration [0-7]: WB  WT  UC- UC  WB  WT  UC- UC  
[    0.000000] found SMP MP-table at [mem 0x0009fff0-0x0009ffff] mapped at [ffff88000009fff0]
[    0.000000] Scanning 1 areas for low memory corruption
[    0.000000] RAMDISK: [mem 0x362dc000-0x37165fff]
[    0.000000] ACPI: Early table checksum verification disabled
[    0.000000] ACPI: RSDP 0x00000000000E0000 000024 (v02 VBOX  )
[    0.000000] ACPI: XSDT 0x000000003FFF0030 00003C (v01 VBOX   VBOXXSDT 00000001 ASL  00000061)
[    0.000000] ACPI: FACP 0x000000003FFF00F0 0000F4 (v04 VBOX   VBOXFACP 00000001 ASL  00000061)
[    0.000000] ACPI: DSDT 0x000000003FFF0610 002353 (v02 VBOX   VBOXBIOS 00000002 INTL 20241212)
[    0.000000] ACPI: FACS 0x000000003FFF0200 000040
[    0.000000] ACPI: FACS 0x000000003FFF0200 000040
[    0.000000] ACPI: APIC 0x000000003FFF0240 000054 (v02 VBOX   VBOXAPIC 00000001 ASL  00000061)
[    0.000000] ACPI: SSDT 0x000000003FFF02A0 00036C (v01 VBOX   VBOXCPUT 00000002 INTL 20241212)
[    0.000000] No NUMA configuration found
[    0.000000] Faking a node at [mem 0x0000000000000000-0x000000003ffeffff]
[    0.000000] NODE_DATA(0) allocated [mem 0x3ffeb000-0x3ffeffff]
[    0.000000] kvm-clock: Using msrs 4b564d01 and 4b564d00
[    0.000000] kvm-clock: cpu 0, msr 0:3ffe3001, primary cpu clock
[    0.000000] kvm-clock: using sched offset of 29275068886 cycles
[    0.000000] clocksource: kvm-clock: mask: 0xffffffffffffffff max_cycles: 0x1cd42e4dffb, max_idle_ns: 881590591483 ns
[    0.000000] Zone ranges:
[    0.000000]   DMA      [mem 0x0000000000001000-0x0000000000ffffff]
[    0.000000]   DMA32    [mem 0x0000000001000000-0x000000003ffeffff]
[    0.000000]   Normal   empty
[    0.000000]   Device   empty
[    0.000000] Movable zone start for each node
[    0.000000] Early memory node ranges
[    0.000000]   node   0: [mem 0x0000000000001000-0x000000000009efff]
[    0.000000]   node   0: [mem 0x0000000000100000-0x000000003ffeffff]
[    0.000000] Initmem setup node 0 [mem 0x0000000000001000-0x000000003ffeffff]
[    0.000000] ACPI: PM-Timer IO Port: 0x4008
[    0.000000] IOAPIC[0]: apic_id 1, version 32, address 0xfec00000, GSI 0-23
[    0.000000] ACPI: INT_SRC_OVR (bus 0 bus_irq 0 global_irq 2 dfl dfl)
[    0.000000] ACPI: INT_SRC_OVR (bus 0 bus_irq 9 global_irq 9 low level)
[    0.000000] Using ACPI (MADT) for SMP configuration information
[    0.000000] smpboot: Allowing 1 CPUs, 0 hotplug CPUs
[    0.000000] PM: Registered nosave memory: [mem 0x00000000-0x00000fff]
[    0.000000] PM: Registered nosave memory: [mem 0x0009f000-0x0009ffff]
[    0.000000] PM: Registered nosave memory: [mem 0x000a0000-0x000effff]
[    0.000000] PM: Registered nosave memory: [mem 0x000f0000-0x000fffff]
[    0.000000] e820: [mem 0x40000000-0xfebfffff] available for PCI devices
[    0.000000] Booting paravirtualized kernel on KVM
[    0.000000] clocksource: refined-jiffies: mask: 0xffffffff max_cycles: 0xffffffff, max_idle_ns: 7645519600211568 ns
[    0.000000] setup_percpu: NR_CPUS:512 nr_cpumask_bits:512 nr_cpu_ids:1 nr_node_ids:1
[    0.000000] PERCPU: Embedded 33 pages/cpu @ffff88003fc00000 s95192 r8192 d31784 u2097152
[    0.000000] Built 1 zonelists in Node order, mobility grouping on.  Total pages: 257912
[    0.000000] Policy zone: DMA32
[    0.000000] Kernel command line: BOOT_IMAGE=/boot/vmlinuz-4.4.0-210-generic root=LABEL=cloudimg-rootfs ro console=tty1 console=ttyS0
[    0.000000] PID hash table entries: 4096 (order: 3, 32768 bytes)
[    0.000000] Memory: 997924K/1048120K available (8644K kernel code, 1332K rwdata, 4044K rodata, 1492K init, 1164K bss, 50196K reserved, 0K cma-reserved)
[    0.000000] SLUB: HWalign=64, Order=0-3, MinObjects=0, CPUs=1, Nodes=1
[    0.000000] Kernel/User page tables isolation: enabled
[    0.000000] Hierarchical RCU implementation.
[    0.000000] 	Build-time adjustment of leaf fanout to 64.
[    0.000000] 	RCU restricting CPUs from NR_CPUS=512 to nr_cpu_ids=1.
[    0.000000] RCU: Adjusting geometry for rcu_fanout_leaf=64, nr_cpu_ids=1
[    0.000000] NR_IRQS:33024 nr_irqs:256 16
[    0.000000] Console: colour VGA+ 80x25
[    0.000000] console [tty1] enabled
[    0.000000] console [ttyS0] enabled
[    0.000000] tsc: Detected 1596.179 MHz processor
[    0.217209] Calibrating delay loop (skipped) preset value.. 3192.35 BogoMIPS (lpj=6384716)
[    0.220495] pid_max: default: 32768 minimum: 301
[    0.222280] ACPI: Core revision 20150930
[    0.225754] ACPI: 2 ACPI AML tables successfully acquired and loaded
[    0.228522] Security Framework initialized
[    0.230502] Yama: becoming mindful.
[    0.231998] AppArmor: AppArmor initialized
[    0.233760] Dentry cache hash table entries: 131072 (order: 8, 1048576 bytes)
[    0.236878] Inode-cache hash table entries: 65536 (order: 7, 524288 bytes)
[    0.239342] Mount-cache hash table entries: 2048 (order: 2, 16384 bytes)
[    0.242013] Mountpoint-cache hash table entries: 2048 (order: 2, 16384 bytes)
[    0.244583] Initializing cgroup subsys io
[    0.246104] Initializing cgroup subsys memory
[    0.247643] Initializing cgroup subsys devices
[    0.249698] Initializing cgroup subsys freezer
[    0.251274] Initializing cgroup subsys net_cls
[    0.253411] Initializing cgroup subsys perf_event
[    0.255115] Initializing cgroup subsys net_prio
[    0.256845] Initializing cgroup subsys hugetlb
[    0.258463] Initializing cgroup subsys pids
[    0.260061] mce: CPU supports 0 MCE banks
[    0.261868] process: using mwait in idle threads
[    0.263547] Last level iTLB entries: 4KB 512, 2MB 7, 4MB 7
[    0.265798] Last level dTLB entries: 4KB 512, 2MB 32, 4MB 32, 1GB 0
[    0.267964] Spectre V1 : Mitigation: usercopy/swapgs barriers and __user pointer sanitization
[    0.271384] Spectre V2 : Mitigation: Full generic retpoline
[    0.273514] Spectre V2 : Spectre v2 / SpectreRSB mitigation: Filling RSB on context switch
[    0.276430] Speculative Store Bypass: Vulnerable
[    0.278740] MDS: Vulnerable: Clear CPU buffers attempted, no microcode
[    0.315690] Freeing SMP alternatives memory: 36K
[    0.328699] ftrace: allocating 32380 entries in 127 pages
[    0.438600] smpboot: APIC(0) Converting physical 0 to logical package 0
[    0.443175] smpboot: Max logical packages: 1
[    0.446487] x2apic enabled
[    0.449083] Switched APIC routing to physical x2apic.
[    0.454948] ..TIMER: vector=0x30 apic1=0 pin1=2 apic2=-1 pin2=-1
[    0.566555] smpboot: CPU0: Intel(R) Core(TM) i7 CPU       Q 720  @ 1.60GHz (family: 0x6, model: 0x1e, stepping: 0x5)
[    0.573038] Performance Events: unsupported p6 CPU model 30 no PMU driver, software events only.
[    0.593857] KVM setup paravirtual spinlock
[    0.597157] x86: Booted up 1 node, 1 CPUs
[    0.599528] smpboot: Total of 1 processors activated (3192.35 BogoMIPS)
[    0.603830] devtmpfs: initialized
[    0.610914] evm: security.selinux
[    0.613480] evm: security.SMACK64
[    0.615355] evm: security.SMACK64EXEC
[    0.617300] evm: security.SMACK64TRANSMUTE
[    0.619438] evm: security.SMACK64MMAP
[    0.621563] evm: security.ima
[    0.623766] evm: security.capability
[    0.626414] clocksource: jiffies: mask: 0xffffffff max_cycles: 0xffffffff, max_idle_ns: 7645041785100000 ns
[    0.635048] futex hash table entries: 256 (order: 2, 16384 bytes)
[    0.638984] pinctrl core: initialized pinctrl subsystem
[    0.642510] RTC time: 23:39:28, date: 02/23/25
[    0.645824] NET: Registered protocol family 16
[    0.649056] cpuidle: using governor ladder
[    0.651692] cpuidle: using governor menu
[    0.654202] PCCT header not found.
[    0.656575] ACPI: bus type PCI registered
[    0.659154] acpiphp: ACPI Hot Plug PCI Controller Driver version: 0.5
[    0.663026] PCI: Using configuration type 1 for base access
[    0.669094] ACPI: Added _OSI(Module Device)
[    0.671528] ACPI: Added _OSI(Processor Device)
[    0.674049] ACPI: Added _OSI(3.0 _SCP Extensions)
[    0.676908] ACPI: Added _OSI(Processor Aggregator Device)
[    0.681764] ACPI: Executed 1 blocks of module-level executable AML code
[    0.691528] ACPI: Interpreter enabled
[    0.694048] ACPI: (supports S0 S5)
[    0.697285] ACPI: Using IOAPIC for interrupt routing
[    0.700866] PCI: Using host bridge windows from ACPI; if necessary, use "pci=nocrs" and report a bug
[    0.717958] ACPI: PCI Root Bridge [PCI0] (domain 0000 [bus 00-ff])
[    0.721605] acpi PNP0A03:00: _OSC: OS supports [ASPM ClockPM Segments MSI]
[    0.726091] acpi PNP0A03:00: _OSC: not requesting OS control; OS requires [ExtendedConfig ASPM ClockPM MSI]
[    0.732443] acpi PNP0A03:00: fail to add MMCONFIG information, can't access extended PCI configuration space under this bridge.
[    0.739625] PCI host bridge to bus 0000:00
[    0.742183] pci_bus 0000:00: root bus resource [io  0x0000-0x0cf7 window]
[    0.746127] pci_bus 0000:00: root bus resource [io  0x0d00-0xffff window]
[    0.750021] pci_bus 0000:00: root bus resource [mem 0x000a0000-0x000bffff window]
[    0.754958] pci_bus 0000:00: root bus resource [mem 0x40000000-0xfdffffff window]
[    0.759113] pci_bus 0000:00: root bus resource [bus 00-ff]
[    0.764968] pci 0000:00:01.1: legacy IDE quirk: reg 0x10: [io  0x01f0-0x01f7]
[    0.767911] pci 0000:00:01.1: legacy IDE quirk: reg 0x14: [io  0x03f6]
[    0.771330] pci 0000:00:01.1: legacy IDE quirk: reg 0x18: [io  0x0170-0x0177]
[    0.774767] pci 0000:00:01.1: legacy IDE quirk: reg 0x1c: [io  0x0376]
[    0.795802] pci 0000:00:07.0: quirk: [io  0x4000-0x403f] claimed by PIIX4 ACPI
[    0.798991] pci 0000:00:07.0: quirk: [io  0x4100-0x410f] claimed by PIIX4 SMB
[    0.814101] ACPI: PCI Interrupt Link [LNKA] (IRQs 5 9 10 *11)
[    0.818104] ACPI: PCI Interrupt Link [LNKB] (IRQs 5 9 *10 11)
[    0.822155] ACPI: PCI Interrupt Link [LNKC] (IRQs 5 *9 10 11)
[    0.825722] ACPI: PCI Interrupt Link [LNKD] (IRQs 5 9 10 *11)
[    0.842967] ACPI: Enabled 2 GPEs in block 00 to 07
[    0.845892] vgaarb: setting as boot device: PCI:0000:00:02.0
[    0.848820] vgaarb: device added: PCI:0000:00:02.0,decodes=io+mem,owns=io+mem,locks=none
[    0.852704] vgaarb: loaded
[    0.854296] vgaarb: bridge control possible 0000:00:02.0
[    0.857628] SCSI subsystem initialized
[    0.860306] ACPI: bus type USB registered
[    0.862870] usbcore: registered new interface driver usbfs
[    0.866213] usbcore: registered new interface driver hub
[    0.869627] usbcore: registered new device driver usb
[    0.873006] PCI: Using ACPI for IRQ routing
[    0.876245] NetLabel: Initializing
[    0.878324] NetLabel:  domain hash size = 128
[    0.881021] NetLabel:  protocols = UNLABELED CIPSOv4
[    0.883800] NetLabel:  unlabeled traffic allowed by default
[    0.886819] amd_nb: Cannot enumerate AMD northbridges
[    0.889525] clocksource: Switched to clocksource kvm-clock
[    0.902714] AppArmor: AppArmor Filesystem Enabled
[    0.905363] pnp: PnP ACPI init
[    0.909047] pnp: PnP ACPI: found 3 devices
[    0.919318] clocksource: acpi_pm: mask: 0xffffff max_cycles: 0xffffff, max_idle_ns: 2085701024 ns
[    0.924770] NET: Registered protocol family 2
[    0.927616] TCP established hash table entries: 8192 (order: 4, 65536 bytes)
[    0.931597] TCP bind hash table entries: 8192 (order: 5, 131072 bytes)
[    0.934980] TCP: Hash tables configured (established 8192 bind 8192)
[    0.938539] UDP hash table entries: 512 (order: 2, 16384 bytes)
[    0.941405] UDP-Lite hash table entries: 512 (order: 2, 16384 bytes)
[    0.944541] NET: Registered protocol family 1
[    0.946740] pci 0000:00:00.0: Limiting direct PCI/PCI transfers
[    0.949598] pci 0000:00:01.0: Activating ISA DMA hang workarounds
[    0.952601] Unpacking initramfs...
[    1.276572] Freeing initrd memory: 14888K
[    1.279184] clocksource: tsc: mask: 0xffffffffffffffff max_cycles: 0x17020b7895d, max_idle_ns: 440795262406 ns
[    1.284160] platform rtc_cmos: registered platform RTC device (no PNP device found)
[    1.288019] Scanning for low memory corruption every 60 seconds
[    1.291239] audit: initializing netlink subsys (disabled)
[    1.293889] audit: type=2000 audit(1740354000.084:1): initialized
[    1.297078] Initialise system trusted keyring
[    1.299634] HugeTLB registered 2 MB page size, pre-allocated 0 pages
[    1.304146] zbud: loaded
[    1.306435] VFS: Disk quotas dquot_6.6.0
[    1.308507] VFS: Dquot-cache hash table entries: 512 (order 0, 4096 bytes)
[    1.311668] squashfs: version 4.0 (2009/01/31) Phillip Lougher
[    1.314132] fuse init (API version 7.23)
[    1.315938] Key type big_key registered
[    1.317656] Allocating IMA MOK and blacklist keyrings.
[    1.320122] Key type asymmetric registered
[    1.321740] Asymmetric key parser 'x509' registered
[    1.323792] Block layer SCSI generic (bsg) driver version 0.4 loaded (major 249)
[    1.326839] io scheduler noop registered
[    1.328522] io scheduler deadline registered (default)
[    1.330600] io scheduler cfq registered
[    1.332565] pci_hotplug: PCI Hot Plug PCI Core version: 0.5
[    1.334849] pciehp: PCI Express Hot Plug Controller Driver version: 0.4
[    1.337477] ACPI: AC Adapter [AC] (on-line)
[    1.339364] input: Power Button as /devices/LNXSYSTM:00/LNXPWRBN:00/input/input0
[    1.342458] ACPI: Power Button [PWRF]
[    1.344077] input: Sleep Button as /devices/LNXSYSTM:00/LNXSLPBN:00/input/input1
[    1.347053] ACPI: Sleep Button [SLPF]
[    1.348917] GHES: HEST is not enabled!
[    1.351030] Serial: 8250/16550 driver, 32 ports, IRQ sharing enabled
[    1.380618] 00:02: ttyS0 at I/O 0x3f8 (irq = 4, base_baud = 115200) is a 16550A
[    1.386685] Linux agpgart interface v0.103
[    1.389780] loop: module loaded
[    1.391844] scsi host0: ata_piix
[    1.393392] scsi host1: ata_piix
[    1.394937] ata1: PATA max UDMA/33 cmd 0x1f0 ctl 0x3f6 bmdma 0xd000 irq 14
[    1.397358] ata2: PATA max UDMA/33 cmd 0x170 ctl 0x376 bmdma 0xd008 irq 15
[    1.401045] libphy: Fixed MDIO Bus: probed
[    1.402893] tun: Universal TUN/TAP device driver, 1.6
[    1.404935] tun: (C) 1999-2004 Max Krasnyansky <maxk@qualcomm.com>
[    1.407414] PPP generic driver version 2.4.2
[    1.409128] ehci_hcd: USB 2.0 'Enhanced' Host Controller (EHCI) Driver
[    1.411619] ehci-pci: EHCI PCI platform driver
[    1.413457] ehci-platform: EHCI generic platform driver
[    1.415657] ohci_hcd: USB 1.1 'Open' Host Controller (OHCI) Driver
[    1.418174] ohci-pci: OHCI PCI platform driver
[    1.419830] ohci-platform: OHCI generic platform driver
[    1.421759] uhci_hcd: USB Universal Host Controller Interface driver
[    1.424321] i8042: PNP: PS/2 Controller [PNP0303:PS2K,PNP0f03:PS2M] at 0x60,0x64 irq 1,12
[    1.428055] serio: i8042 KBD port at 0x60,0x64 irq 1
[    1.430007] serio: i8042 AUX port at 0x60,0x64 irq 12
[    1.432507] mousedev: PS/2 mouse device common for all mice
[    1.434875] input: AT Translated Set 2 keyboard as /devices/platform/i8042/serio0/input/input2
[    1.438583] rtc_cmos rtc_cmos: rtc core: registered rtc_cmos as rtc0
[    1.440969] rtc_cmos rtc_cmos: alarms up to one day, 114 bytes nvram
[    1.443668] i2c /dev entries driver
[    1.445100] device-mapper: uevent: version 1.0.3
[    1.447251] device-mapper: ioctl: 4.34.0-ioctl (2015-10-28) initialised: dm-devel@redhat.com
[    1.450810] ledtrig-cpu: registered to indicate activity on CPUs
[    1.454640] NET: Registered protocol family 10
[    1.457100] NET: Registered protocol family 17
[    1.459508] Key type dns_resolver registered
[    1.462187] registered taskstats version 1
[    1.464651] Loading compiled-in X.509 certificates
[    1.468541] Loaded X.509 cert 'Build time autogenerated kernel key: cf00e047681d67edb2720680708b7d9498083038'
[    1.474061] zswap: loaded using pool lzo/zbud
[    1.479453] Key type trusted registered
[    1.486728] Key type encrypted registered
[    1.489164] AppArmor: AppArmor sha1 policy hashing enabled
[    1.492244] ima: No TPM chip found, activating TPM-bypass!
[    1.495265] ima: Allocated hash algorithm: sha1
[    1.497774] evm: HMAC attrs: 0x1
[    1.499955]   Magic number: 13:278:707
[    1.501693] rtc_cmos rtc_cmos: setting system clock to 2025-02-23 23:39:29 UTC (1740353969)
[    1.505022] BIOS EDD facility v0.16 2004-Jun-25, 0 devices found
[    1.507622] EDD information not available.
[    1.588613] Freeing unused kernel memory: 1492K
[    1.599054] Write protecting the kernel read-only data: 14336k
[    1.607920] Freeing unused kernel memory: 1584K
[    1.614478] Freeing unused kernel memory: 52K
Loading, please wait...
starting version[    1.675211] random: udevadm: uninitialized urandom read (16 bytes read, 2 bits of entropy available)
 229
[    1.696959] random: systemd-udevd: uninitialized urandom read (16 bytes read, 2 bits of entropy available)
[    1.706650] random: systemd-udevd: uninitialized urandom read (16 bytes read, 2 bits of entropy available)
[    1.716511] random: systemd-udevd: uninitialized urandom read (16 bytes read, 2 bits of entropy available)
[    1.732300] random: udevadm: uninitialized urandom read (16 bytes read, 2 bits of entropy available)
[    1.753489] random: systemd-udevd: uninitialized urandom read (16 bytes read, 2 bits of entropy available)
[    1.765547] random: systemd-udevd: uninitialized urandom read (16 bytes read, 2 bits of entropy available)
[    1.776272] random: systemd-udevd: uninitialized urandom read (16 bytes read, 2 bits of entropy available)
[    1.785803] random: udevadm: uninitialized urandom read (16 bytes read, 2 bits of entropy available)
[    1.790895] random: systemd-udevd: uninitialized urandom read (16 bytes read, 2 bits of entropy available)
[    1.984864] e1000: Intel(R) PRO/1000 Network Driver - version 7.3.21-k8-NAPI
[    1.988555] e1000: Copyright (c) 1999-2006 Intel Corporation.
[    2.000395] Fusion MPT base driver 3.04.20
[    2.003280] Copyright (c) 1999-2008 LSI Corporation
[    2.099619] Fusion MPT SPI Host driver 3.04.20
[    2.231849] input: ImExPS/2 Generic Explorer Mouse as /devices/platform/i8042/serio1/input/input4
[    2.543761] e1000 0000:00:03.0 eth0: (PCI:33MHz:32-bit) 02:be:82:6b:cc:1d
[    2.548356] e1000 0000:00:03.0 eth0: Intel(R) PRO/1000 Network Connection
[    2.553441] mptbase: ioc0: Initiating bringup
[    2.626037] ioc0: LSI53C1030 A0: Capabilities={Initiator}
[    2.788250] scsi host2: ioc0: LSI53C1030 A0, FwRev=00000000h, Ports=1, MaxQ=256, IRQ=20
[    2.905035] scsi 2:0:0:0: Direct-Access     VBOX     HARDDISK         1.0  PQ: 0 ANSI: 5
[    2.914958] scsi target2:0:0: Beginning Domain Validation
[    2.922064] scsi target2:0:0: Domain Validation skipping write tests
[    2.925564] scsi target2:0:0: Ending Domain Validation
[    2.944286] scsi target2:0:0: asynchronous
[    2.961817] scsi 2:0:1:0: Direct-Access     VBOX     HARDDISK         1.0  PQ: 0 ANSI: 5
[    2.975946] scsi target2:0:1: Beginning Domain Validation
[    3.042155] scsi target2:0:1: Domain Validation skipping write tests
[    3.046152] scsi target2:0:1: Ending Domain Validation
[    3.063604] scsi target2:0:1: asynchronous
[    3.220006] sd 2:0:0:0: Attached scsi generic sg0 type 0
[    3.227906] sd 2:0:0:0: [sda] 83886080 512-byte logical blocks: (42.9 GB/40.0 GiB)
[    3.251742] sd 2:0:1:0: Attached scsi generic sg1 type 0
[    3.255451] sd 2:0:1:0: [sdb] 20480 512-byte logical blocks: (10.5 MB/10.0 MiB)
[    3.259541] sd 2:0:0:0: [sda] Write Protect is off
[    3.263092] sd 2:0:1:0: [sdb] Write Protect is off
[    3.273778] sd 2:0:0:0: [sda] Incomplete mode parameter data
[    3.278355] sd 2:0:0:0: [sda] Assuming drive cache: write through
[    3.297987] sd 2:0:1:0: [sdb] Incomplete mode parameter data
[    3.314479] sd 2:0:1:0: [sdb] Assuming drive cache: write through
[    3.338352]  sda: sda1
[    3.340959] sd 2:0:0:0: [sda] Attached SCSI disk
[    3.377758] sd 2:0:1:0: [sdb] Attached SCSI disk
[    3.504698] e1000 0000:00:08.0 eth1: (PCI:33MHz:32-bit) 08:00:27:c0:3a:18
[    3.508316] e1000 0000:00:08.0 eth1: Intel(R) PRO/1000 Network Connection
[    3.513023] e1000 0000:00:08.0 enp0s8: renamed from eth1
[    3.519261] e1000 0000:00:03.0 enp0s3: renamed from eth0
Begin: Loading essential drivers ... [    4.992453] md: linear personality registered for level -1
[    4.999366] md: multipath personality registered for level -4
[    5.005969] md: raid0 personality registered for level 0
[    5.015384] md: raid1 personality registered for level 1
[    5.131901] raid6: sse2x1   gen()  6481 MB/s
[    5.261039] raid6: sse2x1   xor()  6588 MB/s
[    5.367767] raid6: sse2x2   gen()  7438 MB/s
[    5.486371] raid6: sse2x2   xor()  5807 MB/s
[    5.655299] raid6: sse2x4   gen() 10957 MB/s
[    5.753286] raid6: sse2x4   xor()  6092 MB/s
[    5.754922] raid6: using algorithm sse2x4 gen() 10957 MB/s
[    5.756928] raid6: .... xor() 6092 MB/s, rmw enabled
[    5.758970] raid6: using ssse3x2 recovery algorithm
[    5.763940] xor: measuring software checksum speed
[    6.123909]    prefetch64-sse: 100130.000 MB/sec
[    6.406160]    generic_sse: 89016.000 MB/sec
[    6.407874] xor: using function: prefetch64-sse (100130.000 MB/sec)
[    6.413511] async_tx: api initialized (async)
[    6.434226] md: raid6 personality registered for level 6
[    6.436263] md: raid5 personality registered for level 5
[    6.438290] md: raid4 personality registered for level 4
[    6.451267] md: raid10 personality registered for level 10
done.
Begin: Running /scripts/init-premount ... done.
Begin: Mounting root file system ... Begin: Running /scripts/local-top ... done.
Begin: Running /scripts/local-premount ... [    6.500109] Btrfs loaded
Scanning for Btrfs filesystems
done.
Warning: fsck not present, so skipping root file system
[    6.670929] EXT4-fs (sda1): mounted filesystem with ordered data mode. Opts: (null)
done.
Begin: Running /scripts/local-bottom ... done.
Begin: Running /scripts/init-bottom ... done.
[    7.734496] random: nonblocking pool is initialized
[    8.335845] systemd[1]: systemd 229 running in system mode. (+PAM +AUDIT +SELINUX +IMA +APPARMOR +SMACK +SYSVINIT +UTMP +LIBCRYPTSETUP +GCRYPT +GNUTLS +ACL +XZ -LZ4 +SECCOMP +BLKID +ELFUTILS +KMOD -IDN)
[    8.354751] systemd[1]: Detected virtualization oracle.
[    8.360882] systemd[1]: Detected architecture x86-64.

Welcome to [1mUbuntu 16.04.7 LTS[0m!

[    8.415629] systemd[1]: Set hostname to <ubuntu>.
[    8.435602] systemd[1]: Initializing machine ID from random generator.
[    8.440577] systemd[1]: Installed transient /etc/machine-id file.
[    9.361796] systemd[1]: Listening on udev Kernel Socket.
[[0;32m  OK  [0m] Listening on udev Kernel Socket.
[    9.367989] systemd[1]: Set up automount Arbitrary Executable File Formats File System Automount Point.
[[0;32m  OK  [0m] Set up automount Arbitrary Executab...ats File System Automount Point.
[    9.376875] systemd[1]: Listening on Device-mapper event daemon FIFOs.
[[0;32m  OK  [0m] Listening on Device-mapper event daemon FIFOs.
[    9.390161] systemd[1]: Listening on /dev/initctl Compatibility Named Pipe.
[[0;32m  OK  [0m] Listening on /dev/initctl Compatibility Named Pipe.
[    9.396873] systemd[1]: Reached target System Time Synchronized.
[[0;32m  OK  [0m] Reached target System Time Synchronized.
[    9.403139] systemd[1]: Listening on Journal Socket (/dev/log).
[[0;32m  OK  [0m] Listening on Journal Socket (/dev/log).
[    9.409349] systemd[1]: Created slice User and Session Slice.
[[0;32m  OK  [0m] Created slice User and Session Slice.
[    9.414323] systemd[1]: Reached target Encrypted Volumes.
[[0;32m  OK  [0m] Reached target Encrypted Volumes.
[    9.420028] systemd[1]: Started Forward Password Requests to Wall Directory Watch.
[[0;32m  OK  [0m] Started Forward Password Requests to Wall Directory Watch.
[    9.428349] systemd[1]: Listening on udev Control Socket.
[[0;32m  OK  [0m] Listening on udev Control Socket.
[    9.433675] systemd[1]: Reached target User and Group Name Lookups.
[[0;32m  OK  [0m] Reached target User and Group Name Lookups.
[    9.440795] systemd[1]: Listening on Syslog Socket.
[[0;32m  OK  [0m] Listening on Syslog Socket.
[    9.446270] systemd[1]: Reached target Swap.
[[0;32m  OK  [0m] Reached target Swap.
[    9.458679] systemd[1]: Created slice System Slice.
[[0;32m  OK  [0m] Created slice System Slice.
[    9.465896] systemd[1]: Created slice system-serial\x2dgetty.slice.
[[0;32m  OK  [0m] Created slice system-serial\x2dgetty.slice.
[    9.473723] systemd[1]: Listening on fsck to fsckd communication Socket.
[[0;32m  OK  [0m] Listening on fsck to fsckd communication Socket.
[    9.481026] systemd[1]: Listening on Journal Audit Socket.
[[0;32m  OK  [0m] Listening on Journal Audit Socket.
[    9.494052] systemd[1]: Reached target Slices.
[[0;32m  OK  [0m] Reached target Slices.
[    9.499492] systemd[1]: Started Trigger resolvconf update for networkd DNS.
[[0;32m  OK  [0m] Started Trigger resolvconf update for networkd DNS.
[    9.507044] systemd[1]: Listening on LVM2 metadata daemon socket.
[[0;32m  OK  [0m] Listening on LVM2 metadata daemon socket.
[    9.512601] systemd[1]: Listening on LVM2 poll daemon socket.
[[0;32m  OK  [0m] Listening on LVM2 poll daemon socket.
[    9.519701] systemd[1]: Listening on Journal Socket.
[[0;32m  OK  [0m] Listening on Journal Socket.
[    9.527330] systemd[1]: Starting Create list of required static device nodes for the current kernel...
         Starting Create list of required st... nodes for the current kernel...
[    9.539337] systemd[1]: Starting Monitoring of LVM2 mirrors, snapshots etc. using dmeventd or progress polling...
         Starting Monitoring of LVM2 mirrors... dmeventd or progress polling...
[    9.552489] systemd[1]: Mounting Debug File System...
         Mounting Debug File System...
[    9.565356] systemd[1]: Starting Set console keymap...
         Starting Set console keymap...
[    9.631212] systemd[1]: Starting Load Kernel Modules...
         Starting Load Kernel Modules...
[    9.641308] systemd[1]: Starting File System Check on Root Device...
         Starting File System Check on Root Device...
[    9.667868] systemd[1]: Starting Uncomplicated firewall...
         Starting Uncomplicated firewall...
[    9.676304] systemd[1]: Starting Journal Service...
         Starting Journal Service...
[    9.685002] systemd[1]: Mounting Huge Pages File System...
         Mounting Huge Pages File System...
[    9.698750] systemd[1]: Starting Nameserver information manager...
         Starting Nameserver information manager...
[    9.713073] systemd[1]: Mounting POSIX Message Queue File System...
         Mounting POSIX Message Queue File System...
[    9.732278] systemd[1]: Mounted Huge Pages File System.
[[0;32m  OK  [0m] Mounted Huge Pages File System.
[    9.740228] systemd[1]: Mounted POSIX Message Queue File System.
[[0;32m  OK  [0m] Mounted POSIX Message Queue File System.
[    9.749938] systemd[1]: Mounted Debug File System.
[[0;32m  OK  [0m] Mounted Debug File System.
[    9.757217] systemd[1]: Started Create list of required static device nodes for the current kernel.
[[0;32m  OK  [0m] Started Create list of required sta...ce nodes for the current kernel.
[    9.773498] systemd[1]: Started File System Check Daemon to report status.
[[0;32m  OK  [0m] Started File System Check Daemon to report status.
[    9.783476] systemd[1]: Starting Create Static Device Nodes in /dev...
         Starting Create Static Device Nodes in /dev...
[    9.793912] systemd[1]: Started Uncomplicated firewall.
[[0;32m  OK  [0m] Started Uncomplicated firewall.
[    9.846395] systemd[1]: Started Nameserver information manager.
[[0;32m  OK  [0m] Started Nameserver information manager.
[    9.887700] systemd[1]: Started Set console keymap.
[[0;32m  OK  [0m] Started Set console keymap.
[    9.989264] systemd[1]: Started LVM2 metadata daemon.
[[0;32m  OK  [0m] Started LVM2 metadata daemon.
[   10.031080] Loading iSCSI transport class v2.0-870.
[   10.040694] systemd[1]: Started Journal Service.
[[0;32m  OK  [0m] Started Journal Service.
[[0;32m  OK  [0m] Started File System Check on Root Device.
         Starting Remount Root and Kernel File Systems...
[   10.094608] EXT4-fs (sda1): re-mounted. Opts: (null)
[[0;32m  OK  [0m] Started Remount Root and Kernel File Systems.
         Starting Load/Save Random Seed...
[   10.106994] iscsi: registered transport (tcp)
         Starting udev Coldplug all Devices...
         Starting Flush Journal to Persistent Storage...
[[0;32m  OK  [0m] Started Load/Save Random Seed.
[   10.253520] systemd-journald[366]: Received request to flush runtime journal from PID 1
[[0;32m  OK  [0m] Started Flush Journal to Persistent Storage.
[   10.342411] iscsi: registered transport (iser)
[[0;32m  OK  [0m] Started Load Kernel Modules.
         Starting Apply Kernel Variables...
         Mounting FUSE Control File System...
[[0;32m  OK  [0m] Started udev Coldplug all Devices.
[[0;32m  OK  [0m] Mounted FUSE Control File System.
[[0;32m  OK  [0m] Started Create Static Device Nodes in /dev.
         Starting udev Kernel Device Manager...
[[0;32m  OK  [0m] Started Monitoring of LVM2 mirrors,...ng dmeventd or progress polling.
[[0;32m  OK  [0m] Reached target Local File Systems (Pre).
[[0;32m  OK  [0m] Reached target Local File Systems.
         Starting Create Volatile Files and Directories...
         Starting Set console font and keymap...
         Starting Commit a transient machine-id on disk...
         Starting Tell Plymouth To Write Out Runtime Data...
         Starting Initial cloud-init job (pre-networking)...
         Starting LSB: AppArmor initialization...
[[0;32m  OK  [0m] Started Commit a transient machine-id on disk.
[[0;32m  OK  [0m] Started Tell Plymouth To Write Out Runtime Data.
[[0;32m  OK  [0m] Started Apply Kernel Variables.
[[0;32m  OK  [0m] Started Create Volatile Files and Directories.
         Starting Update UTMP about System Boot/Shutdown...
[[0;32m  OK  [0m] Started Update UTMP about System Boot/Shutdown.
[[0;32m  OK  [0m] Started udev Kernel Device Manager.
[[0;32m  OK  [0m] Started Dispatch Password Requests to Console Directory Watch.
[[0;32m  OK  [0m] Started Set console font and keymap.
[[0;32m  OK  [0m] Created slice system-getty.slice.
[[0;32m  OK  [0m] Found device /dev/ttyS0.
[[0;32m  OK  [0m] Listening on Load/Save RF Kill Switch Status /dev/rfkill Watch.
[[0;32m  OK  [0m] Started LSB: AppArmor initialization.
         Starting Load AppArmor profiles managed internally by snapd...
[[0;32m  OK  [0m] Started Load AppArmor profiles managed internally by snapd.
[   17.395374] cloud-init[467]: Cloud-init v. 21.1-19-gbad84ad4-0ubuntu1~16.04.2 running 'init-local' at Sun, 23 Feb 2025 23:39:44 +0000. Up 16.50 seconds.
[[0;32m  OK  [0m] Started Initial cloud-init job (pre-networking).
[[0;32m  OK  [0m] Reached target Network (Pre).
         Starting Raise network interfaces...
[[0;32m  OK  [0m] Started Raise network interfaces.
         Starting Initial cloud-init job (metadata service crawler)...
[[0;32m  OK  [0m] Reached target Network.
[   23.541668] cloud-init[947]: Cloud-init v. 21.1-19-gbad84ad4-0ubuntu1~16.04.2 running 'init' at Sun, 23 Feb 2025 23:39:47 +0000. Up 19.28 seconds.
[   23.548546] cloud-init[947]: ci-info: ++++++++++++++++++++++++++++++++++++++Net device info+++++++++++++++++++++++++++++++++++++++
[   23.571565] cloud-init[947]: ci-info: +--------+-------+----------------------------+---------------+--------+-------------------+
[   23.576963] cloud-init[947]: ci-info: | Device |   Up  |          Address           |      Mask     | Scope  |     Hw-Address    |
[   23.592059] cloud-init[947]: ci-info: +--------+-------+----------------------------+---------------+--------+-------------------+
[   23.597150] cloud-init[947]: ci-info: | enp0s3 |  True |         10.0.2.15          | 255.255.255.0 | global | 02:be:82:6b:cc:1d |
[   23.602964] cloud-init[947]: ci-info: | enp0s3 |  True | fe80::be:82ff:fe6b:cc1d/64 |       .       |  link  | 02:be:82:6b:cc:1d |
[   23.610528] cloud-init[947]: ci-info: | enp0s8 | False |             .              |       .       |   .    | 08:00:27:c0:3a:18 |
[   23.614810] cloud-init[947]: ci-info: |   lo   |  True |         127.0.0.1          |   255.0.0.0   |  host  |         .         |
[   23.619816] cloud-init[947]: ci-info: |   lo   |  True |          ::1/128           |       .       |  host  |         .         |
[   23.623231] cloud-init[947]: ci-info: +--------+-------+----------------------------+---------------+--------+-------------------+
[   23.636258] cloud-init[947]: ci-info: +++++++++++++++++++++++++++Route IPv4 info++++++++++++++++++++++++++++
[   23.645291] cloud-init[947]: ci-info: +-------+-------------+----------+---------------+-----------+-------+
[   23.708198] cloud-init[947]: ci-info: | Route | Destination | Gateway  |    Genmask    | Interface | Flags |
[   23.714825] cloud-init[947]: ci-info: +-------+-------------+----------+---------------+-----------+-------+[[0;32m  OK  [0m] Started Initial cloud-init job (metadata service crawler).
[[0;32m  OK  [0m] Reached target Network is Online.

[   23.732751]          Starting iSCSI initiator daemon (iscsid)...
[[0;32m  OK  [0m] Reached target System Initialization.
cloud-init[947]: ci-info: |   0   |   0.0.0.0   | 10.0.2.2 |    0.0.0.0    |   enp0s3  |   UG  |
[   23.740600] cloud-init[947]: ci-info: |   1   |   10.0.2.0  | 0.0.0.0  | 255.255.255.0 |   enp0s3  |   U   |
[[0;32m  OK  [0m] Listening on D-Bus System Message Bus Socket.
[   23.745337] cloud-init[947]: ci-info: +-------+-------------+----------+---------------+-----------+-------+[[0;32m  OK  [0m] Started Message of the Day.
[[0;32m  OK  [0m] Started Ubuntu Advantage update messaging.
[   23.758740] cloud-init[947]: ci-info: +++++++++++++++++++Route IPv6 info+++++++++++++++++++
[[0;32m  OK  [0m] Listening on UUID daemon activation socket.

[   23.769277] cloud-init[947]: ci-info: +-------+-------------+---------+-----------+-------+
         Starting LXD - unix socket.
[   23.773513] cloud-init[947]: ci-info: | Route | Destination | Gateway | Interface | Flags |
[   23.783141] cloud-init[947]: ci-info: +-------+-------------+---------+-----------+-------+
[[   23.796362] cloud-init[947]: ci-info: |   0   |  fe80::/64  |    ::   |   enp0s3  |   U   |
[   23.799209] cloud-init[947]: ci-info: |   3   |   ff00::/8  |    ::   |   enp0s3  |   U   |
[0;32m  OK  [0m] Started ACPI Events Check.
[[0;32m  OK  [0m] Reached target Paths.
         Starting Socket activation for snappy daemon.
[[0;32m  OK  [0m] Started Daily apt download activities.[   23.801968] cloud-init[947]: ci-info: +-------+-------------+---------+-----------+-------+
[   23.827066] cloud-init[947]: Generating public/private rsa key pair.
[[0;32m  OK  [0m] Listening on ACPID Listen Socket.
[[0;32m  OK  [0m] Started Daily apt upgrade and clean activities.

[   23.834315] cloud-init[947]: Your identification has been saved in /etc/ssh/ssh_host_rsa_key.[[0;32m  OK  [0m] Started Daily Cleanup of Temporary Directories.
[
[   23.840438] cloud-init[947]: Your public key has been saved in /etc/ssh/ssh_host_rsa_key.pub.
[   23.840655] cloud-init[947]: The key fingerprint is:
[   23.840888] cloud-init[947]: SHA256:gCoYEWPCMKWQiDZbQ60tXl4H6striaxZAi//vq4eAts root@ubuntu-xenial
[   23.841055] cloud-init[947]: The key's randomart image is:
[   23.841192] cloud-init[947]: +---[RSA 2048]----+
[   23.841317] cloud-init[947]: |&=o..            |
[   23.841715] cloud-init[947]: |BO o o .         |
[   23.841887] cloud-init[947]: |+ + = o .        |
[0;32m  OK  [0m] Reached target Timers.
[[0;32m  OK  [0m] Reached target Cloud-config availability.
[   23.847197] cloud-init[947]: |.o + + o .       |
[   23.868478] cloud-init[947]: |= o = . S        |
[[0;32m  OK  [0m] Listening on LXD - unix socket.
[[0;32m  OK  [0m] Listening on Socket activation for snappy daemon.
[[0;32m  OK  [0m] Reached target Sockets.
[[0;32m  OK  [0m] Reached target Basic System.
[   23.875802] cloud-init[947]: |o= . o           |
[   23.893726] cloud-init[947]: |+.E.o o          |
[   23.898232] cloud-init[947]: | +++ =           |
[   23.901274]          Starting /etc/rc.local Compatibility...
[[0;32m  OK  [0m] Started Deferred execution scheduler.
cloud-init[947]: | +==*o.          |
[   23.915242]          cloud-init[947]: +----[SHA256]-----+
Starting System Logging Service...
         Starting Login Service...
[[0;32m  OK  [0m] Started FUSE filesystem for LXC.
[   23.942329] cloud-init[947]: Generating public/private dsa key pair.
[   23.961390] cloud-init[947]: Your identification has been saved in /etc/ssh/ssh_host_dsa_key.
[   23.966472]          Starting Accounts Service...
cloud-init[947]: Your public key has been saved in /etc/ssh/ssh_host_dsa_key.pub.
[   23.976525] cloud-init[947]: The key fingerprint is:
         Starting Pollinate to seed the pseudo random number generator...
[   23.983352] cloud-init[947]: SHA256:2RIvYPN3TWDwdUGYnKtJsDeW8XCa+kgQlEGaarDZb+g root@ubuntu-xenial
[   23.995132] cloud-init[[0;32m  OK  [0m] Started D-Bus System Message Bus.
[947]: The key's randomart image is:
[   24.003026] cloud-init[947]: +---[DSA 1024]----+
[   24.007996] cloud-init[947]: |      o+o ..+ *oo|
[   24.014503] cloud-init[947]: |      oo . = O . |
[   24.024515] cloud-init[947]: | .   o+ o o X o  |
[   24.026369] cloud-init[947]: |  = .. = * O =   |
[   24.029675] cloud-init[947]: | o +    S O = .  |
[   24.031959] cloud-init[947]: |  . o    * +     |
[   24.034501] cloud-init[947]: |   . o  . o      |
[   24.037287] cloud-init[947]: |  . .    . .     |
[   24.044676] cloud-init[947]: |   E             |
[   24.053385] cloud-init[947]: +----[SHA256]-----+
[   24.056402] cloud-init[947]: Generating public/private ecdsa key pair.
[   24.065619] cloud-init[947]: Your identification has been saved in /etc/ssh/ssh_host_ecdsa_key.
[   24.069083] cloud-init[947]: Your public key has been saved in /etc/ssh/ssh_host_ecdsa_key.pub.
[   24.073681] cloud-init[947]: The key fingerprint is:
[   24.077303] cloud-init[947]: SHA256:ifk6GXIfAYv8USoEgdCeCRAACfJ5EXCuyYtbjqrTqHY root@ubuntu-xenial
[   24.081284] cloud-init[947]: The key's randomart image is:
[   24.083232] cloud-init[947]: +---[ECDSA 256]---+
[   24.086607] cloud-init[947]: |#=+++.           |
[   24.091230] cloud-init[947]: |=..+... .        |
[   24.098274] cloud-init[947]: | oo=o. =         |
[   24.104373] cloud-init[947]: | .+++ +o..       |
[   24.106916] cloud-init[947]: |  +  oo.S.       |
[   24.110149] cloud-init[947]: | . .. +..        |
[   24.113067] cloud-init[947]: |.oo  o +..       |
[   24.115910] cloud-init[947]: |o*.E  o..        |
[   24.123273] cloud-init[947]: |@.o   ..         |
[   24.127298] cloud-init[947]: +----[SHA256]-----+
[   24.131350] cloud-init[947]: Generating public/private ed25519 key pair.
[   24.136003] cloud-init[947]: Your identification has been saved in /etc/ssh/ssh_host_ed25519_key.
[   24.141265] cloud-init[947]: Your public key has been saved in /etc/ssh/ssh_host_ed25519_key.pub.
[   24.144333] cloud-init[947]: The key fingerprint is:
[   24.152666] cloud-init[947]: SHA256:/C1hR7dRgiZxq16mtx8CvnU+gFgknSMH6RssVLXXGdo root@ubuntu-xenial
[   24.157375] cloud-init[947]: The key's randomart image is:
[   24.164655] cloud-init[947]: +--[ED25519 256]--+
[   24.167030] cloud-init[947]: |       .o=oo..o .|
[   24.171382] cloud-init[947]: |      . + Boo= = |
[   24.185226] cloud-init[947]: |     . o =.+= E  |
[   24.187311] cloud-init[947]: |      ..+ .+ . o |
[   24.190166] cloud-init[947]: |       .S==.+ .  |
[   24.192020] cloud-init[947]: |        o=.O.    |
[   24.194356] cloud-init[947]: |          * =.o  |
[   24.197219] cloud-init[947]: |           = =.. |
[   24.204703] cloud-init[947]: |          . ..o. |
[   24.206627] cloud-init[947]: +----[SHA256]-----+
         Starting LSB: Record successful boot for GRUB...
[[0;32m  OK  [0m] Started ACPI event daemon.
[[0;32m  OK  [0m] Started Regular background program processing daemon.
         Starting LSB: MD monitoring daemon...
         Starting LXD - container startup/shutdown...
         Starting Virtualbox guest utils...
         Starting Snap Daemon...
[[0;32m  OK  [0m] Started System Logging Service.
[[0;32m  OK  [0m] Started iSCSI initiator daemon (iscsid).
[[0;32m  OK  [0m] Started /etc/rc.local Compatibility.
         Starting Login to default iSCSI targets...
[[0;32m  OK  [0m] Started Login Service.
[[0;32m  OK  [0m] Started Unattended Upgrades Shutdown.
[[0;32m  OK  [0m] Started LSB: MD monitoring daemon.
         Starting Authenticate and Authorize Users to Run Privileged Tasks...
[[0;32m  OK  [0m] Started Login to default iSCSI targets.
[[0;32m  OK  [0m] Reached target Remote File Systems (Pre).
[[0;32m  OK  [0m] Reached target Remote File Systems.
         Starting LSB: automatic crash report generation...
         Starting LSB: daemon to balance interrupts for SMP systems...
         Starting Permit User Sessions...
         Starting LSB: Set the CPU Frequency Scaling governor to "ondemand"...
[[0;32m  OK  [0m] Started LSB: Set the CPU Frequency Scaling governor to "ondemand".
[[0;32m  OK  [0m] Started Permit User Sessions.
         Starting Hold until boot process finishes up...
         Starting Terminate Plymouth Boot Screen...
[[0;32m  OK  [0m] Started Hold until boot process finishes up.
[[0;32m  OK  [0m] Started Terminate Plymouth Boot Screen.
[[0;32m  OK  [0m] Started Serial Getty on ttyS0.
         Starting Set console scheme...
[[0;32m  OK  [0m] Started Getty on tty1.
[[0;32m  OK  [0m] Reached target Login Prompts.
[[0;32m  OK  [0m] Started LSB: automatic crash report generation.
[[0;32m  OK  [0m] Started LSB: Record successful boot for GRUB.
[[0;32m  OK  [0m] Started LSB: daemon to balance interrupts for SMP systems.
[[0;32m  OK  [0m] Started Set console scheme.
[[0;32m  OK  [0m] Started Authenticate and Authorize Users to Run Privileged Tasks.
[[0;32m  OK  [0m] Started Accounts Service.
[[0;32m  OK  [0m] Started Virtualbox guest utils.
[[0;32m  OK  [0m] Started Pollinate to seed the pseudo random number generator.
         Starting OpenBSD Secure Shell server...
[[0;32m  OK  [0m] Started OpenBSD Secure Shell server.
[[0;32m  OK  [0m] Started LXD - container startup/shutdown.
[[0;32m  OK  [0m] Created slice User Slice of vagrant.
         Starting User Manager for UID 1000...
[[0;32m  OK  [0m] Started Session 1 of user vagrant.
[[0;32m  OK  [0m] Started User Manager for UID 1000.
[[0;32m  OK  [0m] Started Snap Daemon.
         Starting Wait until snapd is fully seeded...

Ubuntu 16.04.7 LTS ubuntu-xenial ttyS0

ubuntu-xenial login: [   36.977040] cloud-init[1443]: Generating locales (this might take a while)...
[   39.571231] cloud-init[1443]:   en_US.UTF-8... done
[   39.575510] cloud-init[1443]: Generation complete.
[   41.245680] cloud-init[1443]: Cloud-init v. 21.1-19-gbad84ad4-0ubuntu1~16.04.2 running 'modules:config' at Sun, 23 Feb 2025 23:40:04 +0000. Up 36.16 seconds.
ci-info: no authorized SSH keys fingerprints found for user ubuntu.
<14>Feb 23 23:40:10 ec2: 
<14>Feb 23 23:40:10 ec2: #############################################################
<14>Feb 23 23:40:10 ec2: -----BEGIN SSH HOST KEY FINGERPRINTS-----
<14>Feb 23 23:40:10 ec2: 1024 SHA256:2RIvYPN3TWDwdUGYnKtJsDeW8XCa+kgQlEGaarDZb+g root@ubuntu-xenial (DSA)
<14>Feb 23 23:40:10 ec2: 256 SHA256:ifk6GXIfAYv8USoEgdCeCRAACfJ5EXCuyYtbjqrTqHY root@ubuntu-xenial (ECDSA)
<14>Feb 23 23:40:10 ec2: 256 SHA256:/C1hR7dRgiZxq16mtx8CvnU+gFgknSMH6RssVLXXGdo root@ubuntu-xenial (ED25519)
<14>Feb 23 23:40:10 ec2: 2048 SHA256:gCoYEWPCMKWQiDZbQ60tXl4H6striaxZAi//vq4eAts root@ubuntu-xenial (RSA)
<14>Feb 23 23:40:10 ec2: -----END SSH HOST KEY FINGERPRINTS-----
<14>Feb 23 23:40:10 ec2: #############################################################
-----BEGIN SSH HOST KEY KEYS-----
ecdsa-sha2-nistp256 AAAAE2VjZHNhLXNoYTItbmlzdHAyNTYAAAAIbmlzdHAyNTYAAABBBB2328wUOiH52FL/3rp/qAloggmHU1wYc/a68BSb+vXMoCH/Zl2bW4xCi+qiUbbINDHywhFEjX+1ooZO+gIVFu4= root@ubuntu-xenial
ssh-ed25519 AAAAC3NzaC1lZDI1NTE5AAAAIGIGM9Gqyis/hAbiv9rO2h2irYB+NCwcn3O0Cx7xj62d root@ubuntu-xenial
ssh-rsa AAAAB3NzaC1yc2EAAAADAQABAAABAQDNQI7/KsAfk8gk/wCcl5AKrQYE7oF9PcNt04pHBEk1s1tXdQ5Ca7gw665cOLCBE4RSqUNF30Q2/Vbt9QElZavryh8eJ/k9mIM9q1uPAGa/wyPvTQdzJukXF8Pi0QXsGUe7tcxOtPV1CPeKX8wQAtpfAFeJNGOlLFM89ye02hDrxw3T31VqkNwR3bJGyesxkJQfWWFiarO1Mkoj9g649r/zWyQoQuWjHUa0u0gkZqz0nGMktLQil3godVWARiKUYZHbRhvNSmjL1Bn/4nCLr3hbpQhGh45WiQsTWNtFaytHQ0bdRAVBvjx0+2EEOgSgV3FSGcx3uw4+Fe+KuVlji/jt root@ubuntu-xenial
-----END SSH HOST KEY KEYS-----
[   42.642265] cloud-init[1661]: Cloud-init v. 21.1-19-gbad84ad4-0ubuntu1~16.04.2 running 'modules:final' at Sun, 23 Feb 2025 23:40:10 +0000. Up 42.09 seconds.
[   42.685268] cloud-init[1661]: ci-info: no authorized SSH keys fingerprints found for user ubuntu.
[   42.686872] cloud-init[1661]: Cloud-init v. 21.1-19-gbad84ad4-0ubuntu1~16.04.2 finished at Sun, 23 Feb 2025 23:40:10 +0000. Datasource DataSourceNoCloud [seed=/dev/sdb][dsmode=net].  Up 42.60 seconds
